{"/home/gosaas-a13/Desktop/Training/Node/index.js": {"path":"/home/gosaas-a13/Desktop/Training/Node/index.js","statementMap":{"0":{"start":{"line":1,"column":0},"end":{"line":1,"column":27}},"1":{"start":{"line":2,"column":0},"end":{"line":2,"column":32}},"2":{"start":{"line":3,"column":16},"end":{"line":3,"column":34}},"3":{"start":{"line":4,"column":15},"end":{"line":4,"column":32}},"4":{"start":{"line":5,"column":0},"end":{"line":5,"column":27}},"5":{"start":{"line":7,"column":12},"end":{"line":7,"column":21}},"6":{"start":{"line":8,"column":0},"end":{"line":8,"column":31}},"7":{"start":{"line":9,"column":0},"end":{"line":9,"column":33}},"8":{"start":{"line":11,"column":0},"end":{"line":11,"column":30}},"9":{"start":{"line":13,"column":13},"end":{"line":13,"column":59}},"10":{"start":{"line":14,"column":15},"end":{"line":14,"column":31}},"11":{"start":{"line":15,"column":0},"end":{"line":15,"column":24}}},"fnMap":{},"branchMap":{"0":{"loc":{"start":{"line":13,"column":13},"end":{"line":13,"column":59}},"type":"cond-expr","locations":[{"start":{"line":13,"column":34},"end":{"line":13,"column":52}},{"start":{"line":13,"column":55},"end":{"line":13,"column":59}}],"line":13}},"s":{"0":4,"1":4,"2":4,"3":4,"4":4,"5":4,"6":4,"7":4,"8":4,"9":4,"10":4,"11":4},"f":{},"b":{"0":[4,0]},"_coverageSchema":"1a1c01bbd47fc00a2c39e90264f33305004495a9","hash":"1c456c67b0cd3eb99c57f258e0f3bca424334323"}
,"/home/gosaas-a13/Desktop/Training/Node/knexfile.js": {"path":"/home/gosaas-a13/Desktop/Training/Node/knexfile.js","statementMap":{"0":{"start":{"line":4,"column":15},"end":{"line":4,"column":32}},"1":{"start":{"line":6,"column":0},"end":{"line":39,"column":2}}},"fnMap":{},"branchMap":{},"s":{"0":4,"1":4},"f":{},"b":{},"_coverageSchema":"1a1c01bbd47fc00a2c39e90264f33305004495a9","hash":"907e62b42355e11d44413f10b67f1cb5279f3ea5"}
,"/home/gosaas-a13/Desktop/Training/Node/db/knex.js": {"path":"/home/gosaas-a13/Desktop/Training/Node/db/knex.js","statementMap":{"0":{"start":{"line":2,"column":15},"end":{"line":2,"column":59}},"1":{"start":{"line":4,"column":0},"end":{"line":4,"column":41}}},"fnMap":{},"branchMap":{},"s":{"0":4,"1":4},"f":{},"b":{},"_coverageSchema":"1a1c01bbd47fc00a2c39e90264f33305004495a9","hash":"daa10b6270b80de6951d57d3af92339b8e9be00d"}
,"/home/gosaas-a13/Desktop/Training/Node/db/pg_controllers/applications.js": {"path":"/home/gosaas-a13/Desktop/Training/Node/db/pg_controllers/applications.js","statementMap":{"0":{"start":{"line":1,"column":24},"end":{"line":1,"column":52}},"1":{"start":{"line":2,"column":12},"end":{"line":2,"column":26}},"2":{"start":{"line":3,"column":13},"end":{"line":3,"column":31}},"3":{"start":{"line":5,"column":0},"end":{"line":12,"column":2}},"4":{"start":{"line":6,"column":17},"end":{"line":10,"column":4}},"5":{"start":{"line":11,"column":2},"end":{"line":11,"column":38}},"6":{"start":{"line":14,"column":22},"end":{"line":19,"column":2}},"7":{"start":{"line":21,"column":0},"end":{"line":54,"column":2}},"8":{"start":{"line":23,"column":27},"end":{"line":23,"column":60}},"9":{"start":{"line":25,"column":2},"end":{"line":27,"column":3}},"10":{"start":{"line":26,"column":4},"end":{"line":26,"column":78}},"11":{"start":{"line":29,"column":46},"end":{"line":29,"column":51}},"12":{"start":{"line":31,"column":2},"end":{"line":31,"column":20}},"13":{"start":{"line":32,"column":2},"end":{"line":32,"column":21}},"14":{"start":{"line":34,"column":21},"end":{"line":34,"column":78}},"15":{"start":{"line":35,"column":17},"end":{"line":35,"column":63}},"16":{"start":{"line":37,"column":28},"end":{"line":42,"column":24}},"17":{"start":{"line":44,"column":37},"end":{"line":47,"column":4}},"18":{"start":{"line":49,"column":2},"end":{"line":51,"column":3}},"19":{"start":{"line":50,"column":4},"end":{"line":50,"column":75}},"20":{"start":{"line":53,"column":2},"end":{"line":53,"column":69}},"21":{"start":{"line":56,"column":0},"end":{"line":68,"column":2}},"22":{"start":{"line":57,"column":17},"end":{"line":57,"column":27}},"23":{"start":{"line":59,"column":22},"end":{"line":59,"column":74}},"24":{"start":{"line":61,"column":2},"end":{"line":65,"column":3}},"25":{"start":{"line":62,"column":4},"end":{"line":64,"column":54}},"26":{"start":{"line":67,"column":2},"end":{"line":67,"column":31}},"27":{"start":{"line":70,"column":0},"end":{"line":98,"column":2}},"28":{"start":{"line":71,"column":32},"end":{"line":71,"column":40}},"29":{"start":{"line":74,"column":30},"end":{"line":77,"column":12}},"30":{"start":{"line":79,"column":2},"end":{"line":83,"column":3}},"31":{"start":{"line":80,"column":4},"end":{"line":82,"column":64}},"32":{"start":{"line":85,"column":22},"end":{"line":88,"column":19}},"33":{"start":{"line":89,"column":2},"end":{"line":89,"column":34}},"34":{"start":{"line":100,"column":0},"end":{"line":129,"column":2}},"35":{"start":{"line":101,"column":42},"end":{"line":101,"column":50}},"36":{"start":{"line":102,"column":17},"end":{"line":102,"column":27}},"37":{"start":{"line":105,"column":30},"end":{"line":109,"column":12}},"38":{"start":{"line":111,"column":2},"end":{"line":115,"column":3}},"39":{"start":{"line":112,"column":4},"end":{"line":114,"column":64}},"40":{"start":{"line":116,"column":24},"end":{"line":120,"column":19}},"41":{"start":{"line":122,"column":2},"end":{"line":126,"column":3}},"42":{"start":{"line":123,"column":4},"end":{"line":125,"column":54}},"43":{"start":{"line":128,"column":2},"end":{"line":128,"column":31}},"44":{"start":{"line":131,"column":0},"end":{"line":159,"column":2}},"45":{"start":{"line":132,"column":17},"end":{"line":132,"column":27}},"46":{"start":{"line":134,"column":30},"end":{"line":137,"column":12}},"47":{"start":{"line":139,"column":2},"end":{"line":143,"column":3}},"48":{"start":{"line":140,"column":4},"end":{"line":142,"column":62}},"49":{"start":{"line":145,"column":42},"end":{"line":145,"column":50}},"50":{"start":{"line":146,"column":29},"end":{"line":150,"column":3}},"51":{"start":{"line":152,"column":24},"end":{"line":156,"column":19}},"52":{"start":{"line":158,"column":2},"end":{"line":158,"column":31}},"53":{"start":{"line":161,"column":0},"end":{"line":175,"column":2}},"54":{"start":{"line":162,"column":17},"end":{"line":162,"column":27}},"55":{"start":{"line":164,"column":22},"end":{"line":164,"column":74}},"56":{"start":{"line":166,"column":2},"end":{"line":170,"column":3}},"57":{"start":{"line":167,"column":4},"end":{"line":169,"column":54}},"58":{"start":{"line":172,"column":2},"end":{"line":172,"column":53}},"59":{"start":{"line":174,"column":2},"end":{"line":174,"column":31}}},"fnMap":{"0":{"name":"(anonymous_0)","decl":{"start":{"line":5,"column":30},"end":{"line":5,"column":31}},"loc":{"start":{"line":5,"column":53},"end":{"line":12,"column":1}},"line":5},"1":{"name":"(anonymous_1)","decl":{"start":{"line":21,"column":29},"end":{"line":21,"column":30}},"loc":{"start":{"line":21,"column":49},"end":{"line":54,"column":1}},"line":21},"2":{"name":"(anonymous_2)","decl":{"start":{"line":56,"column":29},"end":{"line":56,"column":30}},"loc":{"start":{"line":56,"column":49},"end":{"line":68,"column":1}},"line":56},"3":{"name":"(anonymous_3)","decl":{"start":{"line":70,"column":17},"end":{"line":70,"column":18}},"loc":{"start":{"line":70,"column":37},"end":{"line":98,"column":1}},"line":70},"4":{"name":"(anonymous_4)","decl":{"start":{"line":100,"column":17},"end":{"line":100,"column":18}},"loc":{"start":{"line":100,"column":37},"end":{"line":129,"column":1}},"line":100},"5":{"name":"(anonymous_5)","decl":{"start":{"line":131,"column":16},"end":{"line":131,"column":17}},"loc":{"start":{"line":131,"column":36},"end":{"line":159,"column":1}},"line":131},"6":{"name":"(anonymous_6)","decl":{"start":{"line":161,"column":17},"end":{"line":161,"column":18}},"loc":{"start":{"line":161,"column":37},"end":{"line":175,"column":1}},"line":161}},"branchMap":{"0":{"loc":{"start":{"line":25,"column":2},"end":{"line":27,"column":3}},"type":"if","locations":[{"start":{"line":25,"column":2},"end":{"line":27,"column":3}},{"start":{},"end":{}}],"line":25},"1":{"loc":{"start":{"line":29,"column":10},"end":{"line":29,"column":18}},"type":"default-arg","locations":[{"start":{"line":29,"column":17},"end":{"line":29,"column":18}}],"line":29},"2":{"loc":{"start":{"line":29,"column":20},"end":{"line":29,"column":31}},"type":"default-arg","locations":[{"start":{"line":29,"column":28},"end":{"line":29,"column":31}}],"line":29},"3":{"loc":{"start":{"line":49,"column":2},"end":{"line":51,"column":3}},"type":"if","locations":[{"start":{"line":49,"column":2},"end":{"line":51,"column":3}},{"start":{},"end":{}}],"line":49},"4":{"loc":{"start":{"line":61,"column":2},"end":{"line":65,"column":3}},"type":"if","locations":[{"start":{"line":61,"column":2},"end":{"line":65,"column":3}},{"start":{},"end":{}}],"line":61},"5":{"loc":{"start":{"line":79,"column":2},"end":{"line":83,"column":3}},"type":"if","locations":[{"start":{"line":79,"column":2},"end":{"line":83,"column":3}},{"start":{},"end":{}}],"line":79},"6":{"loc":{"start":{"line":111,"column":2},"end":{"line":115,"column":3}},"type":"if","locations":[{"start":{"line":111,"column":2},"end":{"line":115,"column":3}},{"start":{},"end":{}}],"line":111},"7":{"loc":{"start":{"line":122,"column":2},"end":{"line":126,"column":3}},"type":"if","locations":[{"start":{"line":122,"column":2},"end":{"line":126,"column":3}},{"start":{},"end":{}}],"line":122},"8":{"loc":{"start":{"line":139,"column":2},"end":{"line":143,"column":3}},"type":"if","locations":[{"start":{"line":139,"column":2},"end":{"line":143,"column":3}},{"start":{},"end":{}}],"line":139},"9":{"loc":{"start":{"line":147,"column":10},"end":{"line":147,"column":42}},"type":"binary-expr","locations":[{"start":{"line":147,"column":10},"end":{"line":147,"column":14}},{"start":{"line":147,"column":18},"end":{"line":147,"column":42}}],"line":147},"10":{"loc":{"start":{"line":148,"column":17},"end":{"line":148,"column":63}},"type":"binary-expr","locations":[{"start":{"line":148,"column":17},"end":{"line":148,"column":28}},{"start":{"line":148,"column":32},"end":{"line":148,"column":63}}],"line":148},"11":{"loc":{"start":{"line":149,"column":14},"end":{"line":149,"column":78}},"type":"cond-expr","locations":[{"start":{"line":149,"column":39},"end":{"line":149,"column":67}},{"start":{"line":149,"column":70},"end":{"line":149,"column":78}}],"line":149},"12":{"loc":{"start":{"line":166,"column":2},"end":{"line":170,"column":3}},"type":"if","locations":[{"start":{"line":166,"column":2},"end":{"line":170,"column":3}},{"start":{},"end":{}}],"line":166}},"s":{"0":5,"1":5,"2":5,"3":5,"4":3,"5":3,"6":5,"7":5,"8":2,"9":2,"10":0,"11":2,"12":2,"13":2,"14":2,"15":2,"16":2,"17":2,"18":2,"19":1,"20":1,"21":5,"22":2,"23":2,"24":2,"25":1,"26":1,"27":5,"28":2,"29":2,"30":2,"31":1,"32":1,"33":1,"34":5,"35":2,"36":2,"37":2,"38":2,"39":1,"40":1,"41":1,"42":0,"43":1,"44":5,"45":0,"46":0,"47":0,"48":0,"49":0,"50":0,"51":0,"52":0,"53":5,"54":2,"55":2,"56":2,"57":1,"58":1,"59":1},"f":{"0":3,"1":2,"2":2,"3":2,"4":2,"5":0,"6":2},"b":{"0":[0,2],"1":[0],"2":[0],"3":[1,1],"4":[1,1],"5":[1,1],"6":[1,1],"7":[0,1],"8":[0,0],"9":[0,0],"10":[0,0],"11":[0,0],"12":[1,1]},"_coverageSchema":"1a1c01bbd47fc00a2c39e90264f33305004495a9","hash":"a8f4e4fd36e3310a1d9f2789bdbcab9040e5aabe"}
,"/home/gosaas-a13/Desktop/Training/Node/db/pg_controllers/auth.js": {"path":"/home/gosaas-a13/Desktop/Training/Node/db/pg_controllers/auth.js","statementMap":{"0":{"start":{"line":1,"column":15},"end":{"line":1,"column":32}},"1":{"start":{"line":2,"column":12},"end":{"line":2,"column":26}},"2":{"start":{"line":3,"column":13},"end":{"line":3,"column":31}},"3":{"start":{"line":4,"column":18},"end":{"line":4,"column":55}},"4":{"start":{"line":6,"column":0},"end":{"line":12,"column":2}},"5":{"start":{"line":7,"column":17},"end":{"line":10,"column":4}},"6":{"start":{"line":11,"column":2},"end":{"line":11,"column":30}},"7":{"start":{"line":14,"column":0},"end":{"line":23,"column":2}},"8":{"start":{"line":15,"column":15},"end":{"line":15,"column":75}},"9":{"start":{"line":16,"column":2},"end":{"line":16,"column":70}},"10":{"start":{"line":16,"column":13},"end":{"line":16,"column":70}},"11":{"start":{"line":18,"column":24},"end":{"line":18,"column":78}},"12":{"start":{"line":19,"column":2},"end":{"line":19,"column":79}},"13":{"start":{"line":19,"column":22},"end":{"line":19,"column":79}},"14":{"start":{"line":21,"column":16},"end":{"line":21,"column":52}},"15":{"start":{"line":22,"column":2},"end":{"line":22,"column":25}}},"fnMap":{"0":{"name":"(anonymous_0)","decl":{"start":{"line":6,"column":23},"end":{"line":6,"column":24}},"loc":{"start":{"line":6,"column":38},"end":{"line":12,"column":1}},"line":6},"1":{"name":"(anonymous_1)","decl":{"start":{"line":14,"column":17},"end":{"line":14,"column":18}},"loc":{"start":{"line":14,"column":37},"end":{"line":23,"column":1}},"line":14}},"branchMap":{"0":{"loc":{"start":{"line":16,"column":2},"end":{"line":16,"column":70}},"type":"if","locations":[{"start":{"line":16,"column":2},"end":{"line":16,"column":70}},{"start":{},"end":{}}],"line":16},"1":{"loc":{"start":{"line":19,"column":2},"end":{"line":19,"column":79}},"type":"if","locations":[{"start":{"line":19,"column":2},"end":{"line":19,"column":79}},{"start":{},"end":{}}],"line":19}},"s":{"0":4,"1":4,"2":4,"3":4,"4":4,"5":0,"6":0,"7":4,"8":0,"9":0,"10":0,"11":0,"12":0,"13":0,"14":0,"15":0},"f":{"0":0,"1":0},"b":{"0":[0,0],"1":[0,0]},"_coverageSchema":"1a1c01bbd47fc00a2c39e90264f33305004495a9","hash":"d569adb0d28affbdcb536102aa4e9c7314a9b8e1"}
,"/home/gosaas-a13/Desktop/Training/Node/db/pg_controllers/events.js": {"path":"/home/gosaas-a13/Desktop/Training/Node/db/pg_controllers/events.js","statementMap":{"0":{"start":{"line":2,"column":24},"end":{"line":2,"column":52}},"1":{"start":{"line":3,"column":12},"end":{"line":3,"column":26}},"2":{"start":{"line":4,"column":13},"end":{"line":4,"column":31}},"3":{"start":{"line":6,"column":0},"end":{"line":14,"column":2}},"4":{"start":{"line":7,"column":17},"end":{"line":12,"column":4}},"5":{"start":{"line":13,"column":2},"end":{"line":13,"column":32}},"6":{"start":{"line":16,"column":22},"end":{"line":22,"column":2}},"7":{"start":{"line":24,"column":0},"end":{"line":54,"column":2}},"8":{"start":{"line":25,"column":27},"end":{"line":25,"column":60}},"9":{"start":{"line":27,"column":2},"end":{"line":29,"column":3}},"10":{"start":{"line":28,"column":4},"end":{"line":28,"column":78}},"11":{"start":{"line":31,"column":45},"end":{"line":31,"column":50}},"12":{"start":{"line":33,"column":2},"end":{"line":33,"column":20}},"13":{"start":{"line":34,"column":2},"end":{"line":34,"column":21}},"14":{"start":{"line":36,"column":21},"end":{"line":36,"column":72}},"15":{"start":{"line":37,"column":17},"end":{"line":37,"column":63}},"16":{"start":{"line":39,"column":22},"end":{"line":44,"column":18}},"17":{"start":{"line":47,"column":31},"end":{"line":47,"column":75}},"18":{"start":{"line":49,"column":2},"end":{"line":51,"column":3}},"19":{"start":{"line":50,"column":4},"end":{"line":50,"column":69}},"20":{"start":{"line":53,"column":2},"end":{"line":53,"column":63}},"21":{"start":{"line":56,"column":0},"end":{"line":68,"column":2}},"22":{"start":{"line":57,"column":17},"end":{"line":57,"column":27}},"23":{"start":{"line":59,"column":16},"end":{"line":59,"column":62}},"24":{"start":{"line":61,"column":2},"end":{"line":65,"column":3}},"25":{"start":{"line":62,"column":4},"end":{"line":64,"column":56}},"26":{"start":{"line":67,"column":2},"end":{"line":67,"column":25}},"27":{"start":{"line":70,"column":0},"end":{"line":99,"column":2}},"28":{"start":{"line":71,"column":48},"end":{"line":71,"column":56}},"29":{"start":{"line":73,"column":24},"end":{"line":76,"column":12}},"30":{"start":{"line":77,"column":2},"end":{"line":80,"column":78}},"31":{"start":{"line":78,"column":4},"end":{"line":80,"column":78}},"32":{"start":{"line":82,"column":22},"end":{"line":85,"column":12}},"33":{"start":{"line":86,"column":2},"end":{"line":87,"column":75}},"34":{"start":{"line":87,"column":4},"end":{"line":87,"column":75}},"35":{"start":{"line":89,"column":16},"end":{"line":96,"column":19}},"36":{"start":{"line":98,"column":2},"end":{"line":98,"column":28}},"37":{"start":{"line":101,"column":0},"end":{"line":141,"column":2}},"38":{"start":{"line":102,"column":58},"end":{"line":102,"column":66}},"39":{"start":{"line":103,"column":17},"end":{"line":103,"column":27}},"40":{"start":{"line":106,"column":24},"end":{"line":110,"column":12}},"41":{"start":{"line":112,"column":2},"end":{"line":116,"column":3}},"42":{"start":{"line":113,"column":4},"end":{"line":115,"column":78}},"43":{"start":{"line":119,"column":22},"end":{"line":122,"column":12}},"44":{"start":{"line":123,"column":2},"end":{"line":125,"column":3}},"45":{"start":{"line":124,"column":4},"end":{"line":124,"column":75}},"46":{"start":{"line":128,"column":23},"end":{"line":132,"column":19}},"47":{"start":{"line":134,"column":2},"end":{"line":138,"column":3}},"48":{"start":{"line":135,"column":4},"end":{"line":137,"column":56}},"49":{"start":{"line":140,"column":2},"end":{"line":140,"column":35}},"50":{"start":{"line":143,"column":0},"end":{"line":211,"column":2}},"51":{"start":{"line":144,"column":58},"end":{"line":144,"column":66}},"52":{"start":{"line":145,"column":17},"end":{"line":145,"column":27}},"53":{"start":{"line":148,"column":23},"end":{"line":148,"column":69}},"54":{"start":{"line":150,"column":2},"end":{"line":154,"column":3}},"55":{"start":{"line":151,"column":4},"end":{"line":153,"column":56}},"56":{"start":{"line":157,"column":23},"end":{"line":162,"column":3}},"57":{"start":{"line":165,"column":2},"end":{"line":195,"column":3}},"58":{"start":{"line":169,"column":26},"end":{"line":173,"column":14}},"59":{"start":{"line":175,"column":4},"end":{"line":179,"column":5}},"60":{"start":{"line":176,"column":6},"end":{"line":178,"column":80}},"61":{"start":{"line":182,"column":24},"end":{"line":185,"column":14}},"62":{"start":{"line":187,"column":4},"end":{"line":189,"column":5}},"63":{"start":{"line":188,"column":6},"end":{"line":188,"column":77}},"64":{"start":{"line":191,"column":4},"end":{"line":191,"column":49}},"65":{"start":{"line":194,"column":4},"end":{"line":194,"column":62}},"66":{"start":{"line":198,"column":31},"end":{"line":202,"column":19}},"67":{"start":{"line":204,"column":2},"end":{"line":208,"column":3}},"68":{"start":{"line":205,"column":4},"end":{"line":207,"column":56}},"69":{"start":{"line":210,"column":2},"end":{"line":210,"column":38}},"70":{"start":{"line":213,"column":0},"end":{"line":225,"column":2}},"71":{"start":{"line":214,"column":17},"end":{"line":214,"column":27}},"72":{"start":{"line":216,"column":16},"end":{"line":216,"column":62}},"73":{"start":{"line":218,"column":2},"end":{"line":221,"column":56}},"74":{"start":{"line":219,"column":4},"end":{"line":221,"column":56}},"75":{"start":{"line":222,"column":2},"end":{"line":222,"column":47}},"76":{"start":{"line":224,"column":2},"end":{"line":224,"column":25}}},"fnMap":{"0":{"name":"(anonymous_0)","decl":{"start":{"line":6,"column":24},"end":{"line":6,"column":25}},"loc":{"start":{"line":6,"column":41},"end":{"line":14,"column":1}},"line":6},"1":{"name":"(anonymous_1)","decl":{"start":{"line":24,"column":23},"end":{"line":24,"column":24}},"loc":{"start":{"line":24,"column":43},"end":{"line":54,"column":1}},"line":24},"2":{"name":"(anonymous_2)","decl":{"start":{"line":56,"column":23},"end":{"line":56,"column":24}},"loc":{"start":{"line":56,"column":43},"end":{"line":68,"column":1}},"line":56},"3":{"name":"(anonymous_3)","decl":{"start":{"line":70,"column":17},"end":{"line":70,"column":18}},"loc":{"start":{"line":70,"column":37},"end":{"line":99,"column":1}},"line":70},"4":{"name":"(anonymous_4)","decl":{"start":{"line":101,"column":17},"end":{"line":101,"column":18}},"loc":{"start":{"line":101,"column":37},"end":{"line":141,"column":1}},"line":101},"5":{"name":"(anonymous_5)","decl":{"start":{"line":143,"column":16},"end":{"line":143,"column":17}},"loc":{"start":{"line":143,"column":36},"end":{"line":211,"column":1}},"line":143},"6":{"name":"(anonymous_6)","decl":{"start":{"line":213,"column":17},"end":{"line":213,"column":18}},"loc":{"start":{"line":213,"column":37},"end":{"line":225,"column":1}},"line":213}},"branchMap":{"0":{"loc":{"start":{"line":27,"column":2},"end":{"line":29,"column":3}},"type":"if","locations":[{"start":{"line":27,"column":2},"end":{"line":29,"column":3}},{"start":{},"end":{}}],"line":27},"1":{"loc":{"start":{"line":31,"column":10},"end":{"line":31,"column":18}},"type":"default-arg","locations":[{"start":{"line":31,"column":17},"end":{"line":31,"column":18}}],"line":31},"2":{"loc":{"start":{"line":31,"column":20},"end":{"line":31,"column":30}},"type":"default-arg","locations":[{"start":{"line":31,"column":28},"end":{"line":31,"column":30}}],"line":31},"3":{"loc":{"start":{"line":49,"column":2},"end":{"line":51,"column":3}},"type":"if","locations":[{"start":{"line":49,"column":2},"end":{"line":51,"column":3}},{"start":{},"end":{}}],"line":49},"4":{"loc":{"start":{"line":61,"column":2},"end":{"line":65,"column":3}},"type":"if","locations":[{"start":{"line":61,"column":2},"end":{"line":65,"column":3}},{"start":{},"end":{}}],"line":61},"5":{"loc":{"start":{"line":77,"column":2},"end":{"line":80,"column":78}},"type":"if","locations":[{"start":{"line":77,"column":2},"end":{"line":80,"column":78}},{"start":{},"end":{}}],"line":77},"6":{"loc":{"start":{"line":86,"column":2},"end":{"line":87,"column":75}},"type":"if","locations":[{"start":{"line":86,"column":2},"end":{"line":87,"column":75}},{"start":{},"end":{}}],"line":86},"7":{"loc":{"start":{"line":112,"column":2},"end":{"line":116,"column":3}},"type":"if","locations":[{"start":{"line":112,"column":2},"end":{"line":116,"column":3}},{"start":{},"end":{}}],"line":112},"8":{"loc":{"start":{"line":123,"column":2},"end":{"line":125,"column":3}},"type":"if","locations":[{"start":{"line":123,"column":2},"end":{"line":125,"column":3}},{"start":{},"end":{}}],"line":123},"9":{"loc":{"start":{"line":134,"column":2},"end":{"line":138,"column":3}},"type":"if","locations":[{"start":{"line":134,"column":2},"end":{"line":138,"column":3}},{"start":{},"end":{}}],"line":134},"10":{"loc":{"start":{"line":134,"column":6},"end":{"line":134,"column":48}},"type":"binary-expr","locations":[{"start":{"line":134,"column":6},"end":{"line":134,"column":19}},{"start":{"line":134,"column":23},"end":{"line":134,"column":48}}],"line":134},"11":{"loc":{"start":{"line":150,"column":2},"end":{"line":154,"column":3}},"type":"if","locations":[{"start":{"line":150,"column":2},"end":{"line":154,"column":3}},{"start":{},"end":{}}],"line":150},"12":{"loc":{"start":{"line":158,"column":10},"end":{"line":158,"column":35}},"type":"binary-expr","locations":[{"start":{"line":158,"column":10},"end":{"line":158,"column":14}},{"start":{"line":158,"column":18},"end":{"line":158,"column":35}}],"line":158},"13":{"loc":{"start":{"line":159,"column":17},"end":{"line":159,"column":56}},"type":"binary-expr","locations":[{"start":{"line":159,"column":17},"end":{"line":159,"column":28}},{"start":{"line":159,"column":32},"end":{"line":159,"column":56}}],"line":159},"14":{"loc":{"start":{"line":161,"column":6},"end":{"line":161,"column":72}},"type":"cond-expr","locations":[{"start":{"line":161,"column":31},"end":{"line":161,"column":52}},{"start":{"line":161,"column":55},"end":{"line":161,"column":72}}],"line":161},"15":{"loc":{"start":{"line":165,"column":2},"end":{"line":195,"column":3}},"type":"if","locations":[{"start":{"line":165,"column":2},"end":{"line":195,"column":3}},{"start":{"line":192,"column":9},"end":{"line":195,"column":3}}],"line":165},"16":{"loc":{"start":{"line":166,"column":4},"end":{"line":167,"column":50}},"type":"binary-expr","locations":[{"start":{"line":166,"column":4},"end":{"line":166,"column":32}},{"start":{"line":167,"column":4},"end":{"line":167,"column":50}}],"line":166},"17":{"loc":{"start":{"line":175,"column":4},"end":{"line":179,"column":5}},"type":"if","locations":[{"start":{"line":175,"column":4},"end":{"line":179,"column":5}},{"start":{},"end":{}}],"line":175},"18":{"loc":{"start":{"line":187,"column":4},"end":{"line":189,"column":5}},"type":"if","locations":[{"start":{"line":187,"column":4},"end":{"line":189,"column":5}},{"start":{},"end":{}}],"line":187},"19":{"loc":{"start":{"line":204,"column":2},"end":{"line":208,"column":3}},"type":"if","locations":[{"start":{"line":204,"column":2},"end":{"line":208,"column":3}},{"start":{},"end":{}}],"line":204},"20":{"loc":{"start":{"line":218,"column":2},"end":{"line":221,"column":56}},"type":"if","locations":[{"start":{"line":218,"column":2},"end":{"line":221,"column":56}},{"start":{},"end":{}}],"line":218},"21":{"loc":{"start":{"line":218,"column":6},"end":{"line":218,"column":34}},"type":"binary-expr","locations":[{"start":{"line":218,"column":6},"end":{"line":218,"column":12}},{"start":{"line":218,"column":16},"end":{"line":218,"column":34}}],"line":218}},"s":{"0":5,"1":5,"2":5,"3":5,"4":4,"5":4,"6":5,"7":5,"8":2,"9":2,"10":0,"11":2,"12":2,"13":2,"14":2,"15":2,"16":2,"17":2,"18":2,"19":1,"20":1,"21":5,"22":2,"23":2,"24":2,"25":1,"26":1,"27":5,"28":1,"29":1,"30":1,"31":0,"32":1,"33":1,"34":0,"35":1,"36":1,"37":5,"38":2,"39":2,"40":2,"41":2,"42":1,"43":1,"44":1,"45":0,"46":1,"47":1,"48":0,"49":1,"50":5,"51":0,"52":0,"53":0,"54":0,"55":0,"56":0,"57":0,"58":0,"59":0,"60":0,"61":0,"62":0,"63":0,"64":0,"65":0,"66":0,"67":0,"68":0,"69":0,"70":5,"71":2,"72":2,"73":2,"74":1,"75":1,"76":1},"f":{"0":4,"1":2,"2":2,"3":1,"4":2,"5":0,"6":2},"b":{"0":[0,2],"1":[0],"2":[0],"3":[1,1],"4":[1,1],"5":[0,1],"6":[0,1],"7":[1,1],"8":[0,1],"9":[0,1],"10":[1,1],"11":[0,0],"12":[0,0],"13":[0,0],"14":[0,0],"15":[0,0],"16":[0,0],"17":[0,0],"18":[0,0],"19":[0,0],"20":[1,1],"21":[2,1]},"_coverageSchema":"1a1c01bbd47fc00a2c39e90264f33305004495a9","hash":"7782e8da295435be56837ee482bfbe55b0f07c1f"}
,"/home/gosaas-a13/Desktop/Training/Node/db/pg_controllers/messages.js": {"path":"/home/gosaas-a13/Desktop/Training/Node/db/pg_controllers/messages.js","statementMap":{"0":{"start":{"line":1,"column":24},"end":{"line":1,"column":52}},"1":{"start":{"line":2,"column":12},"end":{"line":2,"column":26}},"2":{"start":{"line":3,"column":13},"end":{"line":3,"column":31}},"3":{"start":{"line":5,"column":0},"end":{"line":13,"column":2}},"4":{"start":{"line":6,"column":17},"end":{"line":11,"column":4}},"5":{"start":{"line":12,"column":2},"end":{"line":12,"column":34}},"6":{"start":{"line":15,"column":2},"end":{"line":18,"column":15}},"7":{"start":{"line":16,"column":21},"end":{"line":16,"column":48}},"8":{"start":{"line":17,"column":4},"end":{"line":17,"column":40}},"9":{"start":{"line":23,"column":18},"end":{"line":23,"column":30}},"10":{"start":{"line":24,"column":24},"end":{"line":26,"column":3}},"11":{"start":{"line":25,"column":15},"end":{"line":25,"column":23}},"12":{"start":{"line":28,"column":22},"end":{"line":30,"column":3}},"13":{"start":{"line":29,"column":13},"end":{"line":29,"column":61}},"14":{"start":{"line":31,"column":2},"end":{"line":31,"column":21}},"15":{"start":{"line":34,"column":0},"end":{"line":47,"column":2}},"16":{"start":{"line":35,"column":15},"end":{"line":35,"column":48}},"17":{"start":{"line":36,"column":16},"end":{"line":36,"column":51}},"18":{"start":{"line":37,"column":17},"end":{"line":37,"column":35}},"19":{"start":{"line":38,"column":19},"end":{"line":42,"column":20}},"20":{"start":{"line":43,"column":2},"end":{"line":45,"column":3}},"21":{"start":{"line":44,"column":4},"end":{"line":44,"column":71}},"22":{"start":{"line":46,"column":2},"end":{"line":46,"column":28}},"23":{"start":{"line":48,"column":0},"end":{"line":57,"column":2}},"24":{"start":{"line":49,"column":17},"end":{"line":49,"column":27}},"25":{"start":{"line":50,"column":18},"end":{"line":50,"column":66}},"26":{"start":{"line":51,"column":2},"end":{"line":55,"column":3}},"27":{"start":{"line":52,"column":4},"end":{"line":54,"column":58}},"28":{"start":{"line":56,"column":2},"end":{"line":56,"column":27}},"29":{"start":{"line":59,"column":0},"end":{"line":73,"column":2}},"30":{"start":{"line":60,"column":17},"end":{"line":60,"column":27}},"31":{"start":{"line":62,"column":25},"end":{"line":62,"column":73}},"32":{"start":{"line":64,"column":2},"end":{"line":68,"column":3}},"33":{"start":{"line":65,"column":4},"end":{"line":67,"column":58}},"34":{"start":{"line":70,"column":2},"end":{"line":70,"column":49}},"35":{"start":{"line":72,"column":2},"end":{"line":72,"column":34}},"36":{"start":{"line":75,"column":0},"end":{"line":121,"column":2}},"37":{"start":{"line":76,"column":69},"end":{"line":76,"column":77}},"38":{"start":{"line":78,"column":22},"end":{"line":81,"column":12}},"39":{"start":{"line":82,"column":2},"end":{"line":83,"column":75}},"40":{"start":{"line":83,"column":4},"end":{"line":83,"column":75}},"41":{"start":{"line":85,"column":16},"end":{"line":88,"column":12}},"42":{"start":{"line":89,"column":2},"end":{"line":92,"column":57}},"43":{"start":{"line":90,"column":4},"end":{"line":92,"column":57}},"44":{"start":{"line":94,"column":27},"end":{"line":97,"column":12}},"45":{"start":{"line":98,"column":2},"end":{"line":101,"column":63}},"46":{"start":{"line":99,"column":4},"end":{"line":101,"column":63}},"47":{"start":{"line":104,"column":22},"end":{"line":104,"column":74}},"48":{"start":{"line":105,"column":2},"end":{"line":109,"column":3}},"49":{"start":{"line":106,"column":4},"end":{"line":108,"column":76}},"50":{"start":{"line":111,"column":18},"end":{"line":114,"column":3}},"51":{"start":{"line":116,"column":27},"end":{"line":119,"column":19}},"52":{"start":{"line":120,"column":2},"end":{"line":120,"column":34}}},"fnMap":{"0":{"name":"(anonymous_0)","decl":{"start":{"line":5,"column":26},"end":{"line":5,"column":27}},"loc":{"start":{"line":5,"column":45},"end":{"line":13,"column":1}},"line":5},"1":{"name":"replaceTags","decl":{"start":{"line":14,"column":9},"end":{"line":14,"column":20}},"loc":{"start":{"line":14,"column":37},"end":{"line":19,"column":1}},"line":14},"2":{"name":"(anonymous_2)","decl":{"start":{"line":15,"column":37},"end":{"line":15,"column":38}},"loc":{"start":{"line":15,"column":60},"end":{"line":18,"column":3}},"line":15},"3":{"name":"getMissingTags","decl":{"start":{"line":22,"column":9},"end":{"line":22,"column":23}},"loc":{"start":{"line":22,"column":44},"end":{"line":32,"column":1}},"line":22},"4":{"name":"(anonymous_4)","decl":{"start":{"line":25,"column":4},"end":{"line":25,"column":5}},"loc":{"start":{"line":25,"column":15},"end":{"line":25,"column":23}},"line":25},"5":{"name":"(anonymous_5)","decl":{"start":{"line":29,"column":4},"end":{"line":29,"column":5}},"loc":{"start":{"line":29,"column":13},"end":{"line":29,"column":61}},"line":29},"6":{"name":"(anonymous_6)","decl":{"start":{"line":34,"column":25},"end":{"line":34,"column":26}},"loc":{"start":{"line":34,"column":45},"end":{"line":47,"column":1}},"line":34},"7":{"name":"(anonymous_7)","decl":{"start":{"line":48,"column":25},"end":{"line":48,"column":26}},"loc":{"start":{"line":48,"column":45},"end":{"line":57,"column":1}},"line":48},"8":{"name":"(anonymous_8)","decl":{"start":{"line":59,"column":17},"end":{"line":59,"column":18}},"loc":{"start":{"line":59,"column":37},"end":{"line":73,"column":1}},"line":59},"9":{"name":"(anonymous_9)","decl":{"start":{"line":75,"column":17},"end":{"line":75,"column":18}},"loc":{"start":{"line":75,"column":37},"end":{"line":121,"column":1}},"line":75}},"branchMap":{"0":{"loc":{"start":{"line":35,"column":15},"end":{"line":35,"column":48}},"type":"binary-expr","locations":[{"start":{"line":35,"column":15},"end":{"line":35,"column":43}},{"start":{"line":35,"column":47},"end":{"line":35,"column":48}}],"line":35},"1":{"loc":{"start":{"line":36,"column":16},"end":{"line":36,"column":51}},"type":"binary-expr","locations":[{"start":{"line":36,"column":16},"end":{"line":36,"column":45}},{"start":{"line":36,"column":49},"end":{"line":36,"column":51}}],"line":36},"2":{"loc":{"start":{"line":43,"column":2},"end":{"line":45,"column":3}},"type":"if","locations":[{"start":{"line":43,"column":2},"end":{"line":45,"column":3}},{"start":{},"end":{}}],"line":43},"3":{"loc":{"start":{"line":51,"column":2},"end":{"line":55,"column":3}},"type":"if","locations":[{"start":{"line":51,"column":2},"end":{"line":55,"column":3}},{"start":{},"end":{}}],"line":51},"4":{"loc":{"start":{"line":64,"column":2},"end":{"line":68,"column":3}},"type":"if","locations":[{"start":{"line":64,"column":2},"end":{"line":68,"column":3}},{"start":{},"end":{}}],"line":64},"5":{"loc":{"start":{"line":64,"column":6},"end":{"line":64,"column":52}},"type":"binary-expr","locations":[{"start":{"line":64,"column":6},"end":{"line":64,"column":21}},{"start":{"line":64,"column":25},"end":{"line":64,"column":52}}],"line":64},"6":{"loc":{"start":{"line":82,"column":2},"end":{"line":83,"column":75}},"type":"if","locations":[{"start":{"line":82,"column":2},"end":{"line":83,"column":75}},{"start":{},"end":{}}],"line":82},"7":{"loc":{"start":{"line":89,"column":2},"end":{"line":92,"column":57}},"type":"if","locations":[{"start":{"line":89,"column":2},"end":{"line":92,"column":57}},{"start":{},"end":{}}],"line":89},"8":{"loc":{"start":{"line":98,"column":2},"end":{"line":101,"column":63}},"type":"if","locations":[{"start":{"line":98,"column":2},"end":{"line":101,"column":63}},{"start":{},"end":{}}],"line":98},"9":{"loc":{"start":{"line":105,"column":2},"end":{"line":109,"column":3}},"type":"if","locations":[{"start":{"line":105,"column":2},"end":{"line":109,"column":3}},{"start":{},"end":{}}],"line":105}},"s":{"0":5,"1":5,"2":5,"3":5,"4":9,"5":9,"6":1,"7":2,"8":2,"9":1,"10":1,"11":2,"12":1,"13":2,"14":1,"15":5,"16":3,"17":3,"18":3,"19":3,"20":2,"21":1,"22":1,"23":5,"24":4,"25":4,"26":2,"27":1,"28":1,"29":5,"30":2,"31":2,"32":2,"33":1,"34":1,"35":1,"36":5,"37":6,"38":6,"39":1,"40":0,"41":1,"42":1,"43":0,"44":1,"45":1,"46":0,"47":1,"48":1,"49":0,"50":1,"51":1,"52":1},"f":{"0":9,"1":1,"2":2,"3":1,"4":2,"5":2,"6":3,"7":4,"8":2,"9":6},"b":{"0":[3,0],"1":[3,0],"2":[1,1],"3":[1,1],"4":[1,1],"5":[2,1],"6":[0,1],"7":[0,1],"8":[0,1],"9":[0,1]},"_coverageSchema":"1a1c01bbd47fc00a2c39e90264f33305004495a9","hash":"0515edc6c8f0db1e82b1604c5823ee22061a32ee"}
,"/home/gosaas-a13/Desktop/Training/Node/db/pg_controllers/notificationType.js": {"path":"/home/gosaas-a13/Desktop/Training/Node/db/pg_controllers/notificationType.js","statementMap":{"0":{"start":{"line":2,"column":24},"end":{"line":2,"column":52}},"1":{"start":{"line":3,"column":14},"end":{"line":3,"column":30}},"2":{"start":{"line":4,"column":12},"end":{"line":4,"column":26}},"3":{"start":{"line":5,"column":13},"end":{"line":5,"column":31}},"4":{"start":{"line":7,"column":0},"end":{"line":16,"column":2}},"5":{"start":{"line":8,"column":17},"end":{"line":14,"column":4}},"6":{"start":{"line":15,"column":2},"end":{"line":15,"column":39}},"7":{"start":{"line":17,"column":0},"end":{"line":34,"column":2}},"8":{"start":{"line":18,"column":15},"end":{"line":18,"column":48}},"9":{"start":{"line":19,"column":16},"end":{"line":19,"column":51}},"10":{"start":{"line":20,"column":17},"end":{"line":20,"column":35}},"11":{"start":{"line":21,"column":24},"end":{"line":25,"column":29}},"12":{"start":{"line":27,"column":2},"end":{"line":31,"column":3}},"13":{"start":{"line":28,"column":4},"end":{"line":30,"column":43}},"14":{"start":{"line":33,"column":2},"end":{"line":33,"column":33}},"15":{"start":{"line":36,"column":0},"end":{"line":51,"column":2}},"16":{"start":{"line":37,"column":17},"end":{"line":37,"column":27}},"17":{"start":{"line":39,"column":23},"end":{"line":42,"column":12}},"18":{"start":{"line":44,"column":2},"end":{"line":48,"column":3}},"19":{"start":{"line":45,"column":4},"end":{"line":47,"column":63}},"20":{"start":{"line":50,"column":2},"end":{"line":50,"column":32}},"21":{"start":{"line":54,"column":18},"end":{"line":54,"column":30}},"22":{"start":{"line":56,"column":24},"end":{"line":58,"column":3}},"23":{"start":{"line":57,"column":15},"end":{"line":57,"column":23}},"24":{"start":{"line":60,"column":2},"end":{"line":79,"column":3}},"25":{"start":{"line":61,"column":4},"end":{"line":75,"column":6}},"26":{"start":{"line":63,"column":28},"end":{"line":66,"column":18}},"27":{"start":{"line":68,"column":8},"end":{"line":73,"column":9}},"28":{"start":{"line":69,"column":10},"end":{"line":69,"column":57}},"29":{"start":{"line":70,"column":10},"end":{"line":70,"column":52}},"30":{"start":{"line":72,"column":10},"end":{"line":72,"column":61}},"31":{"start":{"line":77,"column":4},"end":{"line":77,"column":41}},"32":{"start":{"line":78,"column":4},"end":{"line":78,"column":13}},"33":{"start":{"line":81,"column":2},"end":{"line":81,"column":35}},"34":{"start":{"line":84,"column":0},"end":{"line":119,"column":2}},"35":{"start":{"line":86,"column":4},"end":{"line":86,"column":12}},"36":{"start":{"line":88,"column":24},"end":{"line":91,"column":12}},"37":{"start":{"line":92,"column":2},"end":{"line":93,"column":69}},"38":{"start":{"line":93,"column":4},"end":{"line":93,"column":69}},"39":{"start":{"line":95,"column":31},"end":{"line":98,"column":12}},"40":{"start":{"line":99,"column":2},"end":{"line":102,"column":78}},"41":{"start":{"line":100,"column":4},"end":{"line":102,"column":78}},"42":{"start":{"line":104,"column":15},"end":{"line":104,"column":59}},"43":{"start":{"line":106,"column":23},"end":{"line":116,"column":19}},"44":{"start":{"line":118,"column":2},"end":{"line":118,"column":35}},"45":{"start":{"line":121,"column":0},"end":{"line":164,"column":2}},"46":{"start":{"line":123,"column":4},"end":{"line":123,"column":12}},"47":{"start":{"line":124,"column":17},"end":{"line":124,"column":27}},"48":{"start":{"line":126,"column":24},"end":{"line":129,"column":12}},"49":{"start":{"line":130,"column":2},"end":{"line":131,"column":69}},"50":{"start":{"line":131,"column":4},"end":{"line":131,"column":69}},"51":{"start":{"line":133,"column":31},"end":{"line":137,"column":12}},"52":{"start":{"line":138,"column":2},"end":{"line":141,"column":78}},"53":{"start":{"line":139,"column":4},"end":{"line":141,"column":78}},"54":{"start":{"line":143,"column":15},"end":{"line":143,"column":59}},"55":{"start":{"line":145,"column":30},"end":{"line":156,"column":19}},"56":{"start":{"line":158,"column":2},"end":{"line":161,"column":59}},"57":{"start":{"line":159,"column":4},"end":{"line":161,"column":59}},"58":{"start":{"line":163,"column":2},"end":{"line":163,"column":42}},"59":{"start":{"line":166,"column":0},"end":{"line":237,"column":2}},"60":{"start":{"line":168,"column":4},"end":{"line":168,"column":12}},"61":{"start":{"line":169,"column":17},"end":{"line":169,"column":27}},"62":{"start":{"line":172,"column":30},"end":{"line":175,"column":12}},"63":{"start":{"line":177,"column":2},"end":{"line":181,"column":3}},"64":{"start":{"line":178,"column":4},"end":{"line":180,"column":63}},"65":{"start":{"line":184,"column":30},"end":{"line":190,"column":3}},"66":{"start":{"line":193,"column":2},"end":{"line":197,"column":3}},"67":{"start":{"line":194,"column":4},"end":{"line":194,"column":76}},"68":{"start":{"line":196,"column":4},"end":{"line":196,"column":56}},"69":{"start":{"line":200,"column":24},"end":{"line":203,"column":12}},"70":{"start":{"line":204,"column":2},"end":{"line":206,"column":3}},"71":{"start":{"line":205,"column":4},"end":{"line":205,"column":69}},"72":{"start":{"line":209,"column":31},"end":{"line":216,"column":12}},"73":{"start":{"line":217,"column":2},"end":{"line":221,"column":3}},"74":{"start":{"line":218,"column":4},"end":{"line":220,"column":78}},"75":{"start":{"line":224,"column":38},"end":{"line":228,"column":19}},"76":{"start":{"line":230,"column":2},"end":{"line":234,"column":3}},"77":{"start":{"line":231,"column":4},"end":{"line":233,"column":63}},"78":{"start":{"line":236,"column":2},"end":{"line":236,"column":45}},"79":{"start":{"line":239,"column":0},"end":{"line":256,"column":2}},"80":{"start":{"line":240,"column":17},"end":{"line":240,"column":27}},"81":{"start":{"line":242,"column":30},"end":{"line":245,"column":12}},"82":{"start":{"line":247,"column":2},"end":{"line":251,"column":3}},"83":{"start":{"line":248,"column":4},"end":{"line":250,"column":63}},"84":{"start":{"line":253,"column":2},"end":{"line":253,"column":58}},"85":{"start":{"line":255,"column":2},"end":{"line":255,"column":39}}},"fnMap":{"0":{"name":"(anonymous_0)","decl":{"start":{"line":7,"column":31},"end":{"line":7,"column":32}},"loc":{"start":{"line":7,"column":55},"end":{"line":16,"column":1}},"line":7},"1":{"name":"(anonymous_1)","decl":{"start":{"line":17,"column":30},"end":{"line":17,"column":31}},"loc":{"start":{"line":17,"column":50},"end":{"line":34,"column":1}},"line":17},"2":{"name":"(anonymous_2)","decl":{"start":{"line":36,"column":30},"end":{"line":36,"column":31}},"loc":{"start":{"line":36,"column":50},"end":{"line":51,"column":1}},"line":36},"3":{"name":"extractAndAssociateTags","decl":{"start":{"line":53,"column":15},"end":{"line":53,"column":38}},"loc":{"start":{"line":53,"column":53},"end":{"line":82,"column":1}},"line":53},"4":{"name":"(anonymous_4)","decl":{"start":{"line":57,"column":4},"end":{"line":57,"column":5}},"loc":{"start":{"line":57,"column":15},"end":{"line":57,"column":23}},"line":57},"5":{"name":"(anonymous_5)","decl":{"start":{"line":62,"column":36},"end":{"line":62,"column":37}},"loc":{"start":{"line":62,"column":51},"end":{"line":74,"column":7}},"line":62},"6":{"name":"(anonymous_6)","decl":{"start":{"line":84,"column":17},"end":{"line":84,"column":18}},"loc":{"start":{"line":84,"column":37},"end":{"line":119,"column":1}},"line":84},"7":{"name":"(anonymous_7)","decl":{"start":{"line":121,"column":17},"end":{"line":121,"column":18}},"loc":{"start":{"line":121,"column":37},"end":{"line":164,"column":1}},"line":121},"8":{"name":"(anonymous_8)","decl":{"start":{"line":166,"column":16},"end":{"line":166,"column":17}},"loc":{"start":{"line":166,"column":36},"end":{"line":237,"column":1}},"line":166},"9":{"name":"(anonymous_9)","decl":{"start":{"line":239,"column":17},"end":{"line":239,"column":18}},"loc":{"start":{"line":239,"column":37},"end":{"line":256,"column":1}},"line":239}},"branchMap":{"0":{"loc":{"start":{"line":18,"column":15},"end":{"line":18,"column":48}},"type":"binary-expr","locations":[{"start":{"line":18,"column":15},"end":{"line":18,"column":43}},{"start":{"line":18,"column":47},"end":{"line":18,"column":48}}],"line":18},"1":{"loc":{"start":{"line":19,"column":16},"end":{"line":19,"column":51}},"type":"binary-expr","locations":[{"start":{"line":19,"column":16},"end":{"line":19,"column":45}},{"start":{"line":19,"column":49},"end":{"line":19,"column":51}}],"line":19},"2":{"loc":{"start":{"line":27,"column":2},"end":{"line":31,"column":3}},"type":"if","locations":[{"start":{"line":27,"column":2},"end":{"line":31,"column":3}},{"start":{},"end":{}}],"line":27},"3":{"loc":{"start":{"line":44,"column":2},"end":{"line":48,"column":3}},"type":"if","locations":[{"start":{"line":44,"column":2},"end":{"line":48,"column":3}},{"start":{},"end":{}}],"line":44},"4":{"loc":{"start":{"line":68,"column":8},"end":{"line":73,"column":9}},"type":"if","locations":[{"start":{"line":68,"column":8},"end":{"line":73,"column":9}},{"start":{"line":71,"column":15},"end":{"line":73,"column":9}}],"line":68},"5":{"loc":{"start":{"line":92,"column":2},"end":{"line":93,"column":69}},"type":"if","locations":[{"start":{"line":92,"column":2},"end":{"line":93,"column":69}},{"start":{},"end":{}}],"line":92},"6":{"loc":{"start":{"line":99,"column":2},"end":{"line":102,"column":78}},"type":"if","locations":[{"start":{"line":99,"column":2},"end":{"line":102,"column":78}},{"start":{},"end":{}}],"line":99},"7":{"loc":{"start":{"line":130,"column":2},"end":{"line":131,"column":69}},"type":"if","locations":[{"start":{"line":130,"column":2},"end":{"line":131,"column":69}},{"start":{},"end":{}}],"line":130},"8":{"loc":{"start":{"line":138,"column":2},"end":{"line":141,"column":78}},"type":"if","locations":[{"start":{"line":138,"column":2},"end":{"line":141,"column":78}},{"start":{},"end":{}}],"line":138},"9":{"loc":{"start":{"line":158,"column":2},"end":{"line":161,"column":59}},"type":"if","locations":[{"start":{"line":158,"column":2},"end":{"line":161,"column":59}},{"start":{},"end":{}}],"line":158},"10":{"loc":{"start":{"line":177,"column":2},"end":{"line":181,"column":3}},"type":"if","locations":[{"start":{"line":177,"column":2},"end":{"line":181,"column":3}},{"start":{},"end":{}}],"line":177},"11":{"loc":{"start":{"line":185,"column":10},"end":{"line":185,"column":42}},"type":"binary-expr","locations":[{"start":{"line":185,"column":10},"end":{"line":185,"column":14}},{"start":{"line":185,"column":18},"end":{"line":185,"column":42}}],"line":185},"12":{"loc":{"start":{"line":186,"column":17},"end":{"line":186,"column":63}},"type":"binary-expr","locations":[{"start":{"line":186,"column":17},"end":{"line":186,"column":28}},{"start":{"line":186,"column":32},"end":{"line":186,"column":63}}],"line":186},"13":{"loc":{"start":{"line":187,"column":22},"end":{"line":187,"column":78}},"type":"binary-expr","locations":[{"start":{"line":187,"column":22},"end":{"line":187,"column":38}},{"start":{"line":187,"column":42},"end":{"line":187,"column":78}}],"line":187},"14":{"loc":{"start":{"line":188,"column":19},"end":{"line":188,"column":69}},"type":"binary-expr","locations":[{"start":{"line":188,"column":19},"end":{"line":188,"column":32}},{"start":{"line":188,"column":36},"end":{"line":188,"column":69}}],"line":188},"15":{"loc":{"start":{"line":189,"column":14},"end":{"line":189,"column":54}},"type":"binary-expr","locations":[{"start":{"line":189,"column":14},"end":{"line":189,"column":22}},{"start":{"line":189,"column":26},"end":{"line":189,"column":54}}],"line":189},"16":{"loc":{"start":{"line":193,"column":2},"end":{"line":197,"column":3}},"type":"if","locations":[{"start":{"line":193,"column":2},"end":{"line":197,"column":3}},{"start":{"line":195,"column":9},"end":{"line":197,"column":3}}],"line":193},"17":{"loc":{"start":{"line":204,"column":2},"end":{"line":206,"column":3}},"type":"if","locations":[{"start":{"line":204,"column":2},"end":{"line":206,"column":3}},{"start":{},"end":{}}],"line":204},"18":{"loc":{"start":{"line":217,"column":2},"end":{"line":221,"column":3}},"type":"if","locations":[{"start":{"line":217,"column":2},"end":{"line":221,"column":3}},{"start":{},"end":{}}],"line":217},"19":{"loc":{"start":{"line":230,"column":2},"end":{"line":234,"column":3}},"type":"if","locations":[{"start":{"line":230,"column":2},"end":{"line":234,"column":3}},{"start":{},"end":{}}],"line":230},"20":{"loc":{"start":{"line":247,"column":2},"end":{"line":251,"column":3}},"type":"if","locations":[{"start":{"line":247,"column":2},"end":{"line":251,"column":3}},{"start":{},"end":{}}],"line":247},"21":{"loc":{"start":{"line":247,"column":6},"end":{"line":247,"column":62}},"type":"binary-expr","locations":[{"start":{"line":247,"column":6},"end":{"line":247,"column":26}},{"start":{"line":247,"column":30},"end":{"line":247,"column":62}}],"line":247}},"s":{"0":5,"1":5,"2":5,"3":5,"4":5,"5":4,"6":4,"7":5,"8":3,"9":3,"10":3,"11":3,"12":2,"13":1,"14":1,"15":5,"16":3,"17":3,"18":2,"19":1,"20":1,"21":2,"22":2,"23":4,"24":2,"25":2,"26":4,"27":4,"28":3,"29":3,"30":1,"31":0,"32":0,"33":2,"34":5,"35":6,"36":6,"37":3,"38":1,"39":2,"40":2,"41":1,"42":1,"43":1,"44":1,"45":5,"46":2,"47":2,"48":2,"49":1,"50":0,"51":1,"52":1,"53":0,"54":1,"55":1,"56":1,"57":0,"58":1,"59":5,"60":0,"61":0,"62":0,"63":0,"64":0,"65":0,"66":0,"67":0,"68":0,"69":0,"70":0,"71":0,"72":0,"73":0,"74":0,"75":0,"76":0,"77":0,"78":0,"79":5,"80":2,"81":2,"82":2,"83":1,"84":1,"85":1},"f":{"0":4,"1":3,"2":3,"3":2,"4":4,"5":4,"6":6,"7":2,"8":0,"9":2},"b":{"0":[3,0],"1":[3,0],"2":[1,1],"3":[1,1],"4":[3,1],"5":[1,2],"6":[1,1],"7":[0,1],"8":[0,1],"9":[0,1],"10":[0,0],"11":[0,0],"12":[0,0],"13":[0,0],"14":[0,0],"15":[0,0],"16":[0,0],"17":[0,0],"18":[0,0],"19":[0,0],"20":[1,1],"21":[2,1]},"_coverageSchema":"1a1c01bbd47fc00a2c39e90264f33305004495a9","hash":"10ed8e4272f86474eb22937bcb354048b181de9e"}
,"/home/gosaas-a13/Desktop/Training/Node/db/pg_controllers/users.js": {"path":"/home/gosaas-a13/Desktop/Training/Node/db/pg_controllers/users.js","statementMap":{"0":{"start":{"line":1,"column":15},"end":{"line":1,"column":32}},"1":{"start":{"line":2,"column":24},"end":{"line":2,"column":52}},"2":{"start":{"line":3,"column":12},"end":{"line":3,"column":26}},"3":{"start":{"line":4,"column":13},"end":{"line":4,"column":31}},"4":{"start":{"line":5,"column":18},"end":{"line":5,"column":55}},"5":{"start":{"line":7,"column":21},"end":{"line":14,"column":1}},"6":{"start":{"line":8,"column":17},"end":{"line":12,"column":4}},"7":{"start":{"line":13,"column":2},"end":{"line":13,"column":31}},"8":{"start":{"line":15,"column":0},"end":{"line":22,"column":2}},"9":{"start":{"line":16,"column":16},"end":{"line":16,"column":65}},"10":{"start":{"line":18,"column":2},"end":{"line":20,"column":3}},"11":{"start":{"line":19,"column":4},"end":{"line":19,"column":68}},"12":{"start":{"line":21,"column":2},"end":{"line":21,"column":25}},"13":{"start":{"line":23,"column":0},"end":{"line":49,"column":2}},"14":{"start":{"line":24,"column":20},"end":{"line":24,"column":42}},"15":{"start":{"line":25,"column":2},"end":{"line":26,"column":78}},"16":{"start":{"line":26,"column":4},"end":{"line":26,"column":78}},"17":{"start":{"line":28,"column":15},"end":{"line":28,"column":75}},"18":{"start":{"line":29,"column":2},"end":{"line":30,"column":79}},"19":{"start":{"line":30,"column":4},"end":{"line":30,"column":79}},"20":{"start":{"line":32,"column":15},"end":{"line":32,"column":39}},"21":{"start":{"line":33,"column":25},"end":{"line":33,"column":67}},"22":{"start":{"line":35,"column":24},"end":{"line":41,"column":39}},"23":{"start":{"line":43,"column":16},"end":{"line":43,"column":59}},"24":{"start":{"line":44,"column":2},"end":{"line":48,"column":5}},"25":{"start":{"line":51,"column":0},"end":{"line":51,"column":36}}},"fnMap":{"0":{"name":"(anonymous_0)","decl":{"start":{"line":7,"column":21},"end":{"line":7,"column":22}},"loc":{"start":{"line":7,"column":37},"end":{"line":14,"column":1}},"line":7},"1":{"name":"(anonymous_1)","decl":{"start":{"line":15,"column":22},"end":{"line":15,"column":23}},"loc":{"start":{"line":15,"column":42},"end":{"line":22,"column":1}},"line":15},"2":{"name":"(anonymous_2)","decl":{"start":{"line":23,"column":17},"end":{"line":23,"column":18}},"loc":{"start":{"line":23,"column":37},"end":{"line":49,"column":1}},"line":23}},"branchMap":{"0":{"loc":{"start":{"line":18,"column":2},"end":{"line":20,"column":3}},"type":"if","locations":[{"start":{"line":18,"column":2},"end":{"line":20,"column":3}},{"start":{},"end":{}}],"line":18},"1":{"loc":{"start":{"line":25,"column":2},"end":{"line":26,"column":78}},"type":"if","locations":[{"start":{"line":25,"column":2},"end":{"line":26,"column":78}},{"start":{},"end":{}}],"line":25},"2":{"loc":{"start":{"line":29,"column":2},"end":{"line":30,"column":79}},"type":"if","locations":[{"start":{"line":29,"column":2},"end":{"line":30,"column":79}},{"start":{},"end":{}}],"line":29}},"s":{"0":4,"1":4,"2":4,"3":4,"4":4,"5":4,"6":0,"7":0,"8":4,"9":0,"10":0,"11":0,"12":0,"13":4,"14":0,"15":0,"16":0,"17":0,"18":0,"19":0,"20":0,"21":0,"22":0,"23":0,"24":0,"25":4},"f":{"0":0,"1":0,"2":0},"b":{"0":[0,0],"1":[0,0],"2":[0,0]},"_coverageSchema":"1a1c01bbd47fc00a2c39e90264f33305004495a9","hash":"880821340b657db7e69ec9d914ab0063d15df551"}
,"/home/gosaas-a13/Desktop/Training/Node/db/pg_routes/applications.js": {"path":"/home/gosaas-a13/Desktop/Training/Node/db/pg_routes/applications.js","statementMap":{"0":{"start":{"line":1,"column":16},"end":{"line":1,"column":34}},"1":{"start":{"line":3,"column":15},"end":{"line":3,"column":31}},"2":{"start":{"line":4,"column":32},"end":{"line":4,"column":70}},"3":{"start":{"line":5,"column":20},"end":{"line":5,"column":61}},"4":{"start":{"line":9,"column":0},"end":{"line":9,"column":48}},"5":{"start":{"line":10,"column":0},"end":{"line":10,"column":51}},"6":{"start":{"line":11,"column":0},"end":{"line":11,"column":58}},"7":{"start":{"line":12,"column":0},"end":{"line":12,"column":60}},"8":{"start":{"line":13,"column":0},"end":{"line":13,"column":40}},"9":{"start":{"line":14,"column":0},"end":{"line":14,"column":42}},"10":{"start":{"line":15,"column":0},"end":{"line":15,"column":24}}},"fnMap":{},"branchMap":{},"s":{"0":4,"1":4,"2":4,"3":4,"4":4,"5":4,"6":4,"7":4,"8":4,"9":4,"10":4},"f":{},"b":{},"_coverageSchema":"1a1c01bbd47fc00a2c39e90264f33305004495a9","hash":"91888318d90ca52883e8f516020a1066921561a3"}
,"/home/gosaas-a13/Desktop/Training/Node/db/pg_routes/auth.js": {"path":"/home/gosaas-a13/Desktop/Training/Node/db/pg_routes/auth.js","statementMap":{"0":{"start":{"line":1,"column":16},"end":{"line":1,"column":34}},"1":{"start":{"line":3,"column":15},"end":{"line":3,"column":31}},"2":{"start":{"line":4,"column":13},"end":{"line":4,"column":46}},"3":{"start":{"line":5,"column":25},"end":{"line":5,"column":63}},"4":{"start":{"line":7,"column":0},"end":{"line":7,"column":44}},"5":{"start":{"line":9,"column":0},"end":{"line":9,"column":24}}},"fnMap":{},"branchMap":{},"s":{"0":4,"1":4,"2":4,"3":4,"4":4,"5":4},"f":{},"b":{},"_coverageSchema":"1a1c01bbd47fc00a2c39e90264f33305004495a9","hash":"f321835a3d4cd59aa26e45f3fefd1b1f27c09a63"}
,"/home/gosaas-a13/Desktop/Training/Node/db/pg_routes/events.js": {"path":"/home/gosaas-a13/Desktop/Training/Node/db/pg_routes/events.js","statementMap":{"0":{"start":{"line":1,"column":16},"end":{"line":1,"column":34}},"1":{"start":{"line":2,"column":26},"end":{"line":2,"column":64}},"2":{"start":{"line":4,"column":15},"end":{"line":4,"column":31}},"3":{"start":{"line":6,"column":14},"end":{"line":6,"column":49}},"4":{"start":{"line":8,"column":0},"end":{"line":8,"column":36}},"5":{"start":{"line":9,"column":0},"end":{"line":9,"column":39}},"6":{"start":{"line":10,"column":0},"end":{"line":10,"column":46}},"7":{"start":{"line":11,"column":0},"end":{"line":11,"column":48}},"8":{"start":{"line":12,"column":0},"end":{"line":12,"column":34}},"9":{"start":{"line":13,"column":0},"end":{"line":13,"column":36}},"10":{"start":{"line":14,"column":0},"end":{"line":14,"column":24}}},"fnMap":{},"branchMap":{},"s":{"0":4,"1":4,"2":4,"3":4,"4":4,"5":4,"6":4,"7":4,"8":4,"9":4,"10":4},"f":{},"b":{},"_coverageSchema":"1a1c01bbd47fc00a2c39e90264f33305004495a9","hash":"3a141c0f574f49b8f80213f04896f4f72d9db55c"}
,"/home/gosaas-a13/Desktop/Training/Node/db/pg_routes/messages.js": {"path":"/home/gosaas-a13/Desktop/Training/Node/db/pg_routes/messages.js","statementMap":{"0":{"start":{"line":1,"column":16},"end":{"line":1,"column":34}},"1":{"start":{"line":2,"column":28},"end":{"line":2,"column":66}},"2":{"start":{"line":4,"column":15},"end":{"line":4,"column":31}},"3":{"start":{"line":5,"column":16},"end":{"line":5,"column":53}},"4":{"start":{"line":7,"column":0},"end":{"line":7,"column":40}},"5":{"start":{"line":8,"column":0},"end":{"line":8,"column":43}},"6":{"start":{"line":9,"column":0},"end":{"line":9,"column":50}},"7":{"start":{"line":10,"column":0},"end":{"line":10,"column":38}},"8":{"start":{"line":12,"column":0},"end":{"line":12,"column":24}}},"fnMap":{},"branchMap":{},"s":{"0":4,"1":4,"2":4,"3":4,"4":4,"5":4,"6":4,"7":4,"8":4},"f":{},"b":{},"_coverageSchema":"1a1c01bbd47fc00a2c39e90264f33305004495a9","hash":"4e3f64500c28343d30aaa2813d15938e58c01070"}
,"/home/gosaas-a13/Desktop/Training/Node/db/pg_routes/notificationType.js": {"path":"/home/gosaas-a13/Desktop/Training/Node/db/pg_routes/notificationType.js","statementMap":{"0":{"start":{"line":1,"column":16},"end":{"line":1,"column":34}},"1":{"start":{"line":2,"column":37},"end":{"line":2,"column":75}},"2":{"start":{"line":4,"column":15},"end":{"line":4,"column":31}},"3":{"start":{"line":6,"column":25},"end":{"line":6,"column":70}},"4":{"start":{"line":8,"column":0},"end":{"line":8,"column":54}},"5":{"start":{"line":9,"column":0},"end":{"line":9,"column":57}},"6":{"start":{"line":10,"column":0},"end":{"line":10,"column":68}},"7":{"start":{"line":11,"column":0},"end":{"line":11,"column":70}},"8":{"start":{"line":12,"column":0},"end":{"line":12,"column":45}},"9":{"start":{"line":13,"column":0},"end":{"line":13,"column":47}},"10":{"start":{"line":14,"column":0},"end":{"line":14,"column":24}}},"fnMap":{},"branchMap":{},"s":{"0":4,"1":4,"2":4,"3":4,"4":4,"5":4,"6":4,"7":4,"8":4,"9":4,"10":4},"f":{},"b":{},"_coverageSchema":"1a1c01bbd47fc00a2c39e90264f33305004495a9","hash":"14a9d411387c745e1c8c6129ef5616329b3bf13a"}
,"/home/gosaas-a13/Desktop/Training/Node/db/pg_routes/users.js": {"path":"/home/gosaas-a13/Desktop/Training/Node/db/pg_routes/users.js","statementMap":{"0":{"start":{"line":1,"column":16},"end":{"line":1,"column":34}},"1":{"start":{"line":3,"column":15},"end":{"line":3,"column":31}},"2":{"start":{"line":4,"column":13},"end":{"line":4,"column":47}},"3":{"start":{"line":5,"column":25},"end":{"line":5,"column":63}},"4":{"start":{"line":7,"column":0},"end":{"line":7,"column":34}},"5":{"start":{"line":8,"column":0},"end":{"line":8,"column":44}},"6":{"start":{"line":10,"column":0},"end":{"line":10,"column":24}}},"fnMap":{},"branchMap":{},"s":{"0":4,"1":4,"2":4,"3":4,"4":4,"5":4,"6":4},"f":{},"b":{},"_coverageSchema":"1a1c01bbd47fc00a2c39e90264f33305004495a9","hash":"adc853678dd6c9d90ab3abf68b71c4a5ba870fe6"}
,"/home/gosaas-a13/Desktop/Training/Node/middleware/Validation.js": {"path":"/home/gosaas-a13/Desktop/Training/Node/middleware/Validation.js","statementMap":{"0":{"start":{"line":2,"column":24},"end":{"line":2,"column":52}},"1":{"start":{"line":3,"column":32},"end":{"line":3,"column":76}},"2":{"start":{"line":4,"column":26},"end":{"line":4,"column":64}},"3":{"start":{"line":7,"column":4},"end":{"line":7,"column":52}},"4":{"start":{"line":8,"column":28},"end":{"line":8,"column":68}},"5":{"start":{"line":9,"column":25},"end":{"line":9,"column":62}},"6":{"start":{"line":10,"column":25},"end":{"line":10,"column":61}},"7":{"start":{"line":12,"column":38},"end":{"line":18,"column":1}},"8":{"start":{"line":13,"column":20},"end":{"line":13,"column":49}},"9":{"start":{"line":14,"column":2},"end":{"line":16,"column":3}},"10":{"start":{"line":15,"column":4},"end":{"line":15,"column":78}},"11":{"start":{"line":17,"column":2},"end":{"line":17,"column":9}},"12":{"start":{"line":20,"column":32},"end":{"line":26,"column":1}},"13":{"start":{"line":21,"column":20},"end":{"line":21,"column":43}},"14":{"start":{"line":22,"column":2},"end":{"line":24,"column":3}},"15":{"start":{"line":23,"column":4},"end":{"line":23,"column":78}},"16":{"start":{"line":25,"column":2},"end":{"line":25,"column":9}},"17":{"start":{"line":28,"column":43},"end":{"line":34,"column":1}},"18":{"start":{"line":29,"column":20},"end":{"line":29,"column":50}},"19":{"start":{"line":30,"column":2},"end":{"line":32,"column":3}},"20":{"start":{"line":31,"column":4},"end":{"line":31,"column":78}},"21":{"start":{"line":33,"column":2},"end":{"line":33,"column":9}},"22":{"start":{"line":36,"column":34},"end":{"line":42,"column":1}},"23":{"start":{"line":37,"column":20},"end":{"line":37,"column":45}},"24":{"start":{"line":38,"column":2},"end":{"line":40,"column":3}},"25":{"start":{"line":39,"column":4},"end":{"line":39,"column":78}},"26":{"start":{"line":41,"column":2},"end":{"line":41,"column":9}},"27":{"start":{"line":44,"column":31},"end":{"line":50,"column":1}},"28":{"start":{"line":45,"column":20},"end":{"line":45,"column":42}},"29":{"start":{"line":46,"column":2},"end":{"line":48,"column":3}},"30":{"start":{"line":47,"column":4},"end":{"line":47,"column":78}},"31":{"start":{"line":49,"column":2},"end":{"line":49,"column":9}},"32":{"start":{"line":52,"column":31},"end":{"line":58,"column":1}},"33":{"start":{"line":53,"column":20},"end":{"line":53,"column":42}},"34":{"start":{"line":54,"column":2},"end":{"line":56,"column":3}},"35":{"start":{"line":55,"column":4},"end":{"line":55,"column":78}},"36":{"start":{"line":57,"column":2},"end":{"line":57,"column":9}},"37":{"start":{"line":60,"column":0},"end":{"line":60,"column":60}},"38":{"start":{"line":61,"column":0},"end":{"line":61,"column":48}},"39":{"start":{"line":62,"column":0},"end":{"line":62,"column":70}},"40":{"start":{"line":63,"column":0},"end":{"line":63,"column":52}},"41":{"start":{"line":64,"column":0},"end":{"line":64,"column":46}},"42":{"start":{"line":65,"column":0},"end":{"line":65,"column":46}}},"fnMap":{"0":{"name":"(anonymous_0)","decl":{"start":{"line":12,"column":38},"end":{"line":12,"column":39}},"loc":{"start":{"line":12,"column":58},"end":{"line":18,"column":1}},"line":12},"1":{"name":"(anonymous_1)","decl":{"start":{"line":20,"column":32},"end":{"line":20,"column":33}},"loc":{"start":{"line":20,"column":52},"end":{"line":26,"column":1}},"line":20},"2":{"name":"(anonymous_2)","decl":{"start":{"line":28,"column":43},"end":{"line":28,"column":44}},"loc":{"start":{"line":28,"column":63},"end":{"line":34,"column":1}},"line":28},"3":{"name":"(anonymous_3)","decl":{"start":{"line":36,"column":34},"end":{"line":36,"column":35}},"loc":{"start":{"line":36,"column":54},"end":{"line":42,"column":1}},"line":36},"4":{"name":"(anonymous_4)","decl":{"start":{"line":44,"column":31},"end":{"line":44,"column":32}},"loc":{"start":{"line":44,"column":51},"end":{"line":50,"column":1}},"line":44},"5":{"name":"(anonymous_5)","decl":{"start":{"line":52,"column":31},"end":{"line":52,"column":32}},"loc":{"start":{"line":52,"column":51},"end":{"line":58,"column":1}},"line":52}},"branchMap":{"0":{"loc":{"start":{"line":14,"column":2},"end":{"line":16,"column":3}},"type":"if","locations":[{"start":{"line":14,"column":2},"end":{"line":16,"column":3}},{"start":{},"end":{}}],"line":14},"1":{"loc":{"start":{"line":22,"column":2},"end":{"line":24,"column":3}},"type":"if","locations":[{"start":{"line":22,"column":2},"end":{"line":24,"column":3}},{"start":{},"end":{}}],"line":22},"2":{"loc":{"start":{"line":30,"column":2},"end":{"line":32,"column":3}},"type":"if","locations":[{"start":{"line":30,"column":2},"end":{"line":32,"column":3}},{"start":{},"end":{}}],"line":30},"3":{"loc":{"start":{"line":38,"column":2},"end":{"line":40,"column":3}},"type":"if","locations":[{"start":{"line":38,"column":2},"end":{"line":40,"column":3}},{"start":{},"end":{}}],"line":38},"4":{"loc":{"start":{"line":46,"column":2},"end":{"line":48,"column":3}},"type":"if","locations":[{"start":{"line":46,"column":2},"end":{"line":48,"column":3}},{"start":{},"end":{}}],"line":46},"5":{"loc":{"start":{"line":54,"column":2},"end":{"line":56,"column":3}},"type":"if","locations":[{"start":{"line":54,"column":2},"end":{"line":56,"column":3}},{"start":{},"end":{}}],"line":54}},"s":{"0":4,"1":4,"2":4,"3":4,"4":4,"5":4,"6":4,"7":4,"8":0,"9":0,"10":0,"11":0,"12":4,"13":0,"14":0,"15":0,"16":0,"17":4,"18":4,"19":4,"20":0,"21":4,"22":4,"23":5,"24":5,"25":0,"26":5,"27":4,"28":0,"29":0,"30":0,"31":0,"32":4,"33":0,"34":0,"35":0,"36":0,"37":4,"38":4,"39":4,"40":4,"41":4,"42":4},"f":{"0":0,"1":0,"2":4,"3":5,"4":0,"5":0},"b":{"0":[0,0],"1":[0,0],"2":[0,4],"3":[0,5],"4":[0,0],"5":[0,0]},"_coverageSchema":"1a1c01bbd47fc00a2c39e90264f33305004495a9","hash":"e7446e29ad28551143cf749b52d8f9c00da0105c"}
,"/home/gosaas-a13/Desktop/Training/Node/middleware/auth.js": {"path":"/home/gosaas-a13/Desktop/Training/Node/middleware/auth.js","statementMap":{"0":{"start":{"line":1,"column":12},"end":{"line":1,"column":35}},"1":{"start":{"line":2,"column":15},"end":{"line":2,"column":32}},"2":{"start":{"line":5,"column":16},"end":{"line":5,"column":42}},"3":{"start":{"line":6,"column":2},"end":{"line":6,"column":78}},"4":{"start":{"line":6,"column":14},"end":{"line":6,"column":78}},"5":{"start":{"line":8,"column":2},"end":{"line":14,"column":3}},"6":{"start":{"line":9,"column":20},"end":{"line":9,"column":66}},"7":{"start":{"line":10,"column":4},"end":{"line":10,"column":23}},"8":{"start":{"line":11,"column":4},"end":{"line":11,"column":11}},"9":{"start":{"line":13,"column":4},"end":{"line":13,"column":53}},"10":{"start":{"line":16,"column":0},"end":{"line":16,"column":22}}},"fnMap":{"0":{"name":"auth","decl":{"start":{"line":4,"column":9},"end":{"line":4,"column":13}},"loc":{"start":{"line":4,"column":30},"end":{"line":15,"column":1}},"line":4}},"branchMap":{"0":{"loc":{"start":{"line":6,"column":2},"end":{"line":6,"column":78}},"type":"if","locations":[{"start":{"line":6,"column":2},"end":{"line":6,"column":78}},{"start":{},"end":{}}],"line":6}},"s":{"0":4,"1":4,"2":14,"3":14,"4":0,"5":14,"6":14,"7":14,"8":14,"9":0,"10":4},"f":{"0":14},"b":{"0":[0,14]},"_coverageSchema":"1a1c01bbd47fc00a2c39e90264f33305004495a9","hash":"bead39c82abe9722b70cd1063ed28931b9a93c1e"}
,"/home/gosaas-a13/Desktop/Training/Node/middleware/authUtils.js": {"path":"/home/gosaas-a13/Desktop/Training/Node/middleware/authUtils.js","statementMap":{"0":{"start":{"line":1,"column":12},"end":{"line":1,"column":35}},"1":{"start":{"line":2,"column":15},"end":{"line":2,"column":32}},"2":{"start":{"line":5,"column":16},"end":{"line":7,"column":4}},"3":{"start":{"line":8,"column":2},"end":{"line":8,"column":15}},"4":{"start":{"line":11,"column":0},"end":{"line":13,"column":2}}},"fnMap":{"0":{"name":"generateAuthToken","decl":{"start":{"line":4,"column":9},"end":{"line":4,"column":26}},"loc":{"start":{"line":4,"column":35},"end":{"line":9,"column":1}},"line":4}},"branchMap":{},"s":{"0":5,"1":5,"2":1,"3":1,"4":5},"f":{"0":1},"b":{},"_coverageSchema":"1a1c01bbd47fc00a2c39e90264f33305004495a9","hash":"6c889fa222c8ad7fdfa252de366a17f710936133"}
,"/home/gosaas-a13/Desktop/Training/Node/middleware/errors.js": {"path":"/home/gosaas-a13/Desktop/Training/Node/middleware/errors.js","statementMap":{"0":{"start":{"line":2,"column":24},"end":{"line":2,"column":52}},"1":{"start":{"line":3,"column":23},"end":{"line":3,"column":38}},"2":{"start":{"line":5,"column":15},"end":{"line":5,"column":32}},"3":{"start":{"line":7,"column":20},"end":{"line":7,"column":47}},"4":{"start":{"line":8,"column":16},"end":{"line":8,"column":24}},"5":{"start":{"line":9,"column":45},"end":{"line":9,"column":63}},"6":{"start":{"line":11,"column":39},"end":{"line":11,"column":45}},"7":{"start":{"line":18,"column":22},"end":{"line":18,"column":70}},"8":{"start":{"line":20,"column":15},"end":{"line":28,"column":2}},"9":{"start":{"line":23,"column":6},"end":{"line":23,"column":60}},"10":{"start":{"line":29,"column":0},"end":{"line":45,"column":2}},"11":{"start":{"line":31,"column":20},"end":{"line":31,"column":45}},"12":{"start":{"line":32,"column":20},"end":{"line":38,"column":5}},"13":{"start":{"line":39,"column":4},"end":{"line":39,"column":26}},"14":{"start":{"line":40,"column":4},"end":{"line":42,"column":47}}},"fnMap":{"0":{"name":"(anonymous_0)","decl":{"start":{"line":22,"column":18},"end":{"line":22,"column":19}},"loc":{"start":{"line":23,"column":6},"end":{"line":23,"column":60}},"line":23},"1":{"name":"(anonymous_1)","decl":{"start":{"line":30,"column":2},"end":{"line":30,"column":3}},"loc":{"start":{"line":30,"column":39},"end":{"line":43,"column":3}},"line":30}},"branchMap":{},"s":{"0":4,"1":4,"2":4,"3":4,"4":4,"5":4,"6":4,"7":4,"8":4,"9":14,"10":4,"11":14,"12":14,"13":14,"14":14},"f":{"0":14,"1":14},"b":{},"_coverageSchema":"1a1c01bbd47fc00a2c39e90264f33305004495a9","hash":"6c1690354187687e3807d933dc7d398be3443767"}
,"/home/gosaas-a13/Desktop/Training/Node/startup/config.js": {"path":"/home/gosaas-a13/Desktop/Training/Node/startup/config.js","statementMap":{"0":{"start":{"line":1,"column":15},"end":{"line":1,"column":32}},"1":{"start":{"line":3,"column":0},"end":{"line":7,"column":2}},"2":{"start":{"line":4,"column":2},"end":{"line":6,"column":3}},"3":{"start":{"line":5,"column":4},"end":{"line":5,"column":60}}},"fnMap":{"0":{"name":"(anonymous_0)","decl":{"start":{"line":3,"column":17},"end":{"line":3,"column":18}},"loc":{"start":{"line":3,"column":29},"end":{"line":7,"column":1}},"line":3}},"branchMap":{"0":{"loc":{"start":{"line":4,"column":2},"end":{"line":6,"column":3}},"type":"if","locations":[{"start":{"line":4,"column":2},"end":{"line":6,"column":3}},{"start":{},"end":{}}],"line":4}},"s":{"0":4,"1":4,"2":4,"3":0},"f":{"0":4},"b":{"0":[0,4]},"_coverageSchema":"1a1c01bbd47fc00a2c39e90264f33305004495a9","hash":"ea524cc85980a2ca29a2202e64298f0b576e5ca8"}
,"/home/gosaas-a13/Desktop/Training/Node/startup/logging.js": {"path":"/home/gosaas-a13/Desktop/Training/Node/startup/logging.js","statementMap":{"0":{"start":{"line":1,"column":16},"end":{"line":1,"column":34}},"1":{"start":{"line":3,"column":0},"end":{"line":17,"column":2}},"2":{"start":{"line":4,"column":24},"end":{"line":6,"column":4}},"3":{"start":{"line":8,"column":2},"end":{"line":8,"column":29}},"4":{"start":{"line":10,"column":2},"end":{"line":12,"column":4}},"5":{"start":{"line":14,"column":2},"end":{"line":16,"column":5}},"6":{"start":{"line":15,"column":4},"end":{"line":15,"column":13}}},"fnMap":{"0":{"name":"(anonymous_0)","decl":{"start":{"line":3,"column":17},"end":{"line":3,"column":18}},"loc":{"start":{"line":3,"column":29},"end":{"line":17,"column":1}},"line":3},"1":{"name":"(anonymous_1)","decl":{"start":{"line":14,"column":35},"end":{"line":14,"column":36}},"loc":{"start":{"line":14,"column":43},"end":{"line":16,"column":3}},"line":14}},"branchMap":{},"s":{"0":4,"1":4,"2":4,"3":4,"4":4,"5":4,"6":0},"f":{"0":4,"1":0},"b":{},"_coverageSchema":"1a1c01bbd47fc00a2c39e90264f33305004495a9","hash":"40661847bd15a34d859b95f0b9221039dc6b4cbd"}
,"/home/gosaas-a13/Desktop/Training/Node/startup/routes.js": {"path":"/home/gosaas-a13/Desktop/Training/Node/startup/routes.js","statementMap":{"0":{"start":{"line":1,"column":16},"end":{"line":1,"column":34}},"1":{"start":{"line":2,"column":28},"end":{"line":2,"column":59}},"2":{"start":{"line":3,"column":25},"end":{"line":3,"column":64}},"3":{"start":{"line":4,"column":19},"end":{"line":4,"column":52}},"4":{"start":{"line":5,"column":26},"end":{"line":5,"column":69}},"5":{"start":{"line":6,"column":21},"end":{"line":6,"column":56}},"6":{"start":{"line":7,"column":18},"end":{"line":7,"column":50}},"7":{"start":{"line":8,"column":18},"end":{"line":8,"column":49}},"8":{"start":{"line":9,"column":13},"end":{"line":9,"column":42}},"9":{"start":{"line":11,"column":0},"end":{"line":21,"column":2}},"10":{"start":{"line":12,"column":2},"end":{"line":12,"column":26}},"11":{"start":{"line":13,"column":2},"end":{"line":13,"column":35}},"12":{"start":{"line":14,"column":2},"end":{"line":14,"column":34}},"13":{"start":{"line":15,"column":2},"end":{"line":15,"column":16}},"14":{"start":{"line":16,"column":2},"end":{"line":16,"column":49}},"15":{"start":{"line":17,"column":2},"end":{"line":17,"column":37}},"16":{"start":{"line":18,"column":2},"end":{"line":18,"column":51}},"17":{"start":{"line":19,"column":2},"end":{"line":19,"column":41}},"18":{"start":{"line":20,"column":2},"end":{"line":20,"column":27}}},"fnMap":{"0":{"name":"(anonymous_0)","decl":{"start":{"line":11,"column":17},"end":{"line":11,"column":18}},"loc":{"start":{"line":11,"column":32},"end":{"line":21,"column":1}},"line":11}},"branchMap":{},"s":{"0":4,"1":4,"2":4,"3":4,"4":4,"5":4,"6":4,"7":4,"8":4,"9":4,"10":4,"11":4,"12":4,"13":4,"14":4,"15":4,"16":4,"17":4,"18":4},"f":{"0":4},"b":{},"_coverageSchema":"1a1c01bbd47fc00a2c39e90264f33305004495a9","hash":"d745b52f671de5fccf64818b76a5b6d6e6b9ca0c"}
}
