TN:
SF:index.js
FNF:0
FNH:0
DA:1,4
DA:2,4
DA:3,4
DA:4,4
DA:5,4
DA:7,4
DA:8,4
DA:9,4
DA:11,4
DA:13,4
DA:14,4
DA:15,4
LF:12
LH:12
BRDA:13,0,0,4
BRDA:13,0,1,0
BRF:2
BRH:1
end_of_record
TN:
SF:knexfile.js
FNF:0
FNH:0
DA:4,4
DA:6,4
LF:2
LH:2
BRF:0
BRH:0
end_of_record
TN:
SF:db/knex.js
FNF:0
FNH:0
DA:2,4
DA:4,4
LF:2
LH:2
BRF:0
BRH:0
end_of_record
TN:
SF:db/pg_controllers/applications.js
FN:5,(anonymous_0)
FN:21,(anonymous_1)
FN:56,(anonymous_2)
FN:70,(anonymous_3)
FN:100,(anonymous_4)
FN:131,(anonymous_5)
FN:161,(anonymous_6)
FNF:7
FNH:6
FNDA:3,(anonymous_0)
FNDA:2,(anonymous_1)
FNDA:2,(anonymous_2)
FNDA:2,(anonymous_3)
FNDA:2,(anonymous_4)
FNDA:0,(anonymous_5)
FNDA:2,(anonymous_6)
DA:1,5
DA:2,5
DA:3,5
DA:5,5
DA:6,3
DA:11,3
DA:14,5
DA:21,5
DA:23,2
DA:25,2
DA:26,0
DA:29,2
DA:31,2
DA:32,2
DA:34,2
DA:35,2
DA:37,2
DA:44,2
DA:49,2
DA:50,1
DA:53,1
DA:56,5
DA:57,2
DA:59,2
DA:61,2
DA:62,1
DA:67,1
DA:70,5
DA:71,2
DA:74,2
DA:79,2
DA:80,1
DA:85,1
DA:89,1
DA:100,5
DA:101,2
DA:102,2
DA:105,2
DA:111,2
DA:112,1
DA:116,1
DA:122,1
DA:123,0
DA:128,1
DA:131,5
DA:132,0
DA:134,0
DA:139,0
DA:140,0
DA:145,0
DA:146,0
DA:152,0
DA:158,0
DA:161,5
DA:162,2
DA:164,2
DA:166,2
DA:167,1
DA:172,1
DA:174,1
LF:60
LH:50
BRDA:25,0,0,0
BRDA:25,0,1,2
BRDA:29,1,0,0
BRDA:29,2,0,0
BRDA:49,3,0,1
BRDA:49,3,1,1
BRDA:61,4,0,1
BRDA:61,4,1,1
BRDA:79,5,0,1
BRDA:79,5,1,1
BRDA:111,6,0,1
BRDA:111,6,1,1
BRDA:122,7,0,0
BRDA:122,7,1,1
BRDA:139,8,0,0
BRDA:139,8,1,0
BRDA:147,9,0,0
BRDA:147,9,1,0
BRDA:148,10,0,0
BRDA:148,10,1,0
BRDA:149,11,0,0
BRDA:149,11,1,0
BRDA:166,12,0,1
BRDA:166,12,1,1
BRF:24
BRH:12
end_of_record
TN:
SF:db/pg_controllers/auth.js
FN:6,(anonymous_0)
FN:14,(anonymous_1)
FNF:2
FNH:0
FNDA:0,(anonymous_0)
FNDA:0,(anonymous_1)
DA:1,4
DA:2,4
DA:3,4
DA:4,4
DA:6,4
DA:7,0
DA:11,0
DA:14,4
DA:15,0
DA:16,0
DA:18,0
DA:19,0
DA:21,0
DA:22,0
LF:14
LH:6
BRDA:16,0,0,0
BRDA:16,0,1,0
BRDA:19,1,0,0
BRDA:19,1,1,0
BRF:4
BRH:0
end_of_record
TN:
SF:db/pg_controllers/events.js
FN:6,(anonymous_0)
FN:24,(anonymous_1)
FN:56,(anonymous_2)
FN:70,(anonymous_3)
FN:101,(anonymous_4)
FN:143,(anonymous_5)
FN:213,(anonymous_6)
FNF:7
FNH:6
FNDA:4,(anonymous_0)
FNDA:2,(anonymous_1)
FNDA:2,(anonymous_2)
FNDA:1,(anonymous_3)
FNDA:2,(anonymous_4)
FNDA:0,(anonymous_5)
FNDA:2,(anonymous_6)
DA:2,5
DA:3,5
DA:4,5
DA:6,5
DA:7,4
DA:13,4
DA:16,5
DA:24,5
DA:25,2
DA:27,2
DA:28,0
DA:31,2
DA:33,2
DA:34,2
DA:36,2
DA:37,2
DA:39,2
DA:47,2
DA:49,2
DA:50,1
DA:53,1
DA:56,5
DA:57,2
DA:59,2
DA:61,2
DA:62,1
DA:67,1
DA:70,5
DA:71,1
DA:73,1
DA:77,1
DA:78,0
DA:82,1
DA:86,1
DA:87,0
DA:89,1
DA:98,1
DA:101,5
DA:102,2
DA:103,2
DA:106,2
DA:112,2
DA:113,1
DA:119,1
DA:123,1
DA:124,0
DA:128,1
DA:134,1
DA:135,0
DA:140,1
DA:143,5
DA:144,0
DA:145,0
DA:148,0
DA:150,0
DA:151,0
DA:157,0
DA:165,0
DA:169,0
DA:175,0
DA:176,0
DA:182,0
DA:187,0
DA:188,0
DA:191,0
DA:194,0
DA:198,0
DA:204,0
DA:205,0
DA:210,0
DA:213,5
DA:214,2
DA:216,2
DA:218,2
DA:219,1
DA:222,1
DA:224,1
LF:77
LH:53
BRDA:27,0,0,0
BRDA:27,0,1,2
BRDA:31,1,0,0
BRDA:31,2,0,0
BRDA:49,3,0,1
BRDA:49,3,1,1
BRDA:61,4,0,1
BRDA:61,4,1,1
BRDA:77,5,0,0
BRDA:77,5,1,1
BRDA:86,6,0,0
BRDA:86,6,1,1
BRDA:112,7,0,1
BRDA:112,7,1,1
BRDA:123,8,0,0
BRDA:123,8,1,1
BRDA:134,9,0,0
BRDA:134,9,1,1
BRDA:134,10,0,1
BRDA:134,10,1,1
BRDA:150,11,0,0
BRDA:150,11,1,0
BRDA:158,12,0,0
BRDA:158,12,1,0
BRDA:159,13,0,0
BRDA:159,13,1,0
BRDA:161,14,0,0
BRDA:161,14,1,0
BRDA:165,15,0,0
BRDA:165,15,1,0
BRDA:166,16,0,0
BRDA:166,16,1,0
BRDA:175,17,0,0
BRDA:175,17,1,0
BRDA:187,18,0,0
BRDA:187,18,1,0
BRDA:204,19,0,0
BRDA:204,19,1,0
BRDA:218,20,0,1
BRDA:218,20,1,1
BRDA:218,21,0,2
BRDA:218,21,1,1
BRF:42
BRH:17
end_of_record
TN:
SF:db/pg_controllers/messages.js
FN:5,(anonymous_0)
FN:14,replaceTags
FN:15,(anonymous_2)
FN:22,getMissingTags
FN:25,(anonymous_4)
FN:29,(anonymous_5)
FN:34,(anonymous_6)
FN:48,(anonymous_7)
FN:59,(anonymous_8)
FN:75,(anonymous_9)
FNF:10
FNH:10
FNDA:9,(anonymous_0)
FNDA:1,replaceTags
FNDA:2,(anonymous_2)
FNDA:1,getMissingTags
FNDA:2,(anonymous_4)
FNDA:2,(anonymous_5)
FNDA:3,(anonymous_6)
FNDA:4,(anonymous_7)
FNDA:2,(anonymous_8)
FNDA:6,(anonymous_9)
DA:1,5
DA:2,5
DA:3,5
DA:5,5
DA:6,9
DA:12,9
DA:15,1
DA:16,2
DA:17,2
DA:23,1
DA:24,1
DA:25,2
DA:28,1
DA:29,2
DA:31,1
DA:34,5
DA:35,3
DA:36,3
DA:37,3
DA:38,3
DA:43,2
DA:44,1
DA:46,1
DA:48,5
DA:49,4
DA:50,4
DA:51,2
DA:52,1
DA:56,1
DA:59,5
DA:60,2
DA:62,2
DA:64,2
DA:65,1
DA:70,1
DA:72,1
DA:75,5
DA:76,6
DA:78,6
DA:82,1
DA:83,0
DA:85,1
DA:89,1
DA:90,0
DA:94,1
DA:98,1
DA:99,0
DA:104,1
DA:105,1
DA:106,0
DA:111,1
DA:116,1
DA:120,1
LF:53
LH:49
BRDA:35,0,0,3
BRDA:35,0,1,0
BRDA:36,1,0,3
BRDA:36,1,1,0
BRDA:43,2,0,1
BRDA:43,2,1,1
BRDA:51,3,0,1
BRDA:51,3,1,1
BRDA:64,4,0,1
BRDA:64,4,1,1
BRDA:64,5,0,2
BRDA:64,5,1,1
BRDA:82,6,0,0
BRDA:82,6,1,1
BRDA:89,7,0,0
BRDA:89,7,1,1
BRDA:98,8,0,0
BRDA:98,8,1,1
BRDA:105,9,0,0
BRDA:105,9,1,1
BRF:20
BRH:14
end_of_record
TN:
SF:db/pg_controllers/notificationType.js
FN:7,(anonymous_0)
FN:17,(anonymous_1)
FN:36,(anonymous_2)
FN:53,extractAndAssociateTags
FN:57,(anonymous_4)
FN:62,(anonymous_5)
FN:84,(anonymous_6)
FN:121,(anonymous_7)
FN:166,(anonymous_8)
FN:239,(anonymous_9)
FNF:10
FNH:9
FNDA:4,(anonymous_0)
FNDA:3,(anonymous_1)
FNDA:3,(anonymous_2)
FNDA:2,extractAndAssociateTags
FNDA:4,(anonymous_4)
FNDA:4,(anonymous_5)
FNDA:6,(anonymous_6)
FNDA:2,(anonymous_7)
FNDA:0,(anonymous_8)
FNDA:2,(anonymous_9)
DA:2,5
DA:3,5
DA:4,5
DA:5,5
DA:7,5
DA:8,4
DA:15,4
DA:17,5
DA:18,3
DA:19,3
DA:20,3
DA:21,3
DA:27,2
DA:28,1
DA:33,1
DA:36,5
DA:37,3
DA:39,3
DA:44,2
DA:45,1
DA:50,1
DA:54,2
DA:56,2
DA:57,4
DA:60,2
DA:61,2
DA:63,4
DA:68,4
DA:69,3
DA:70,3
DA:72,1
DA:77,0
DA:78,0
DA:81,2
DA:84,5
DA:86,6
DA:88,6
DA:92,3
DA:93,1
DA:95,2
DA:99,2
DA:100,1
DA:104,1
DA:106,1
DA:118,1
DA:121,5
DA:123,2
DA:124,2
DA:126,2
DA:130,1
DA:131,0
DA:133,1
DA:138,1
DA:139,0
DA:143,1
DA:145,1
DA:158,1
DA:159,0
DA:163,1
DA:166,5
DA:168,0
DA:169,0
DA:172,0
DA:177,0
DA:178,0
DA:184,0
DA:193,0
DA:194,0
DA:196,0
DA:200,0
DA:204,0
DA:205,0
DA:209,0
DA:217,0
DA:218,0
DA:224,0
DA:230,0
DA:231,0
DA:236,0
DA:239,5
DA:240,2
DA:242,2
DA:247,2
DA:248,1
DA:253,1
DA:255,1
LF:86
LH:62
BRDA:18,0,0,3
BRDA:18,0,1,0
BRDA:19,1,0,3
BRDA:19,1,1,0
BRDA:27,2,0,1
BRDA:27,2,1,1
BRDA:44,3,0,1
BRDA:44,3,1,1
BRDA:68,4,0,3
BRDA:68,4,1,1
BRDA:92,5,0,1
BRDA:92,5,1,2
BRDA:99,6,0,1
BRDA:99,6,1,1
BRDA:130,7,0,0
BRDA:130,7,1,1
BRDA:138,8,0,0
BRDA:138,8,1,1
BRDA:158,9,0,0
BRDA:158,9,1,1
BRDA:177,10,0,0
BRDA:177,10,1,0
BRDA:185,11,0,0
BRDA:185,11,1,0
BRDA:186,12,0,0
BRDA:186,12,1,0
BRDA:187,13,0,0
BRDA:187,13,1,0
BRDA:188,14,0,0
BRDA:188,14,1,0
BRDA:189,15,0,0
BRDA:189,15,1,0
BRDA:193,16,0,0
BRDA:193,16,1,0
BRDA:204,17,0,0
BRDA:204,17,1,0
BRDA:217,18,0,0
BRDA:217,18,1,0
BRDA:230,19,0,0
BRDA:230,19,1,0
BRDA:247,20,0,1
BRDA:247,20,1,1
BRDA:247,21,0,2
BRDA:247,21,1,1
BRF:44
BRH:19
end_of_record
TN:
SF:db/pg_controllers/users.js
FN:7,(anonymous_0)
FN:15,(anonymous_1)
FN:23,(anonymous_2)
FNF:3
FNH:0
FNDA:0,(anonymous_0)
FNDA:0,(anonymous_1)
FNDA:0,(anonymous_2)
DA:1,4
DA:2,4
DA:3,4
DA:4,4
DA:5,4
DA:7,4
DA:8,0
DA:13,0
DA:15,4
DA:16,0
DA:18,0
DA:19,0
DA:21,0
DA:23,4
DA:24,0
DA:25,0
DA:26,0
DA:28,0
DA:29,0
DA:30,0
DA:32,0
DA:33,0
DA:35,0
DA:43,0
DA:44,0
DA:51,4
LF:26
LH:9
BRDA:18,0,0,0
BRDA:18,0,1,0
BRDA:25,1,0,0
BRDA:25,1,1,0
BRDA:29,2,0,0
BRDA:29,2,1,0
BRF:6
BRH:0
end_of_record
TN:
SF:db/pg_routes/applications.js
FNF:0
FNH:0
DA:1,4
DA:3,4
DA:4,4
DA:5,4
DA:9,4
DA:10,4
DA:11,4
DA:12,4
DA:13,4
DA:14,4
DA:15,4
LF:11
LH:11
BRF:0
BRH:0
end_of_record
TN:
SF:db/pg_routes/auth.js
FNF:0
FNH:0
DA:1,4
DA:3,4
DA:4,4
DA:5,4
DA:7,4
DA:9,4
LF:6
LH:6
BRF:0
BRH:0
end_of_record
TN:
SF:db/pg_routes/events.js
FNF:0
FNH:0
DA:1,4
DA:2,4
DA:4,4
DA:6,4
DA:8,4
DA:9,4
DA:10,4
DA:11,4
DA:12,4
DA:13,4
DA:14,4
LF:11
LH:11
BRF:0
BRH:0
end_of_record
TN:
SF:db/pg_routes/messages.js
FNF:0
FNH:0
DA:1,4
DA:2,4
DA:4,4
DA:5,4
DA:7,4
DA:8,4
DA:9,4
DA:10,4
DA:12,4
LF:9
LH:9
BRF:0
BRH:0
end_of_record
TN:
SF:db/pg_routes/notificationType.js
FNF:0
FNH:0
DA:1,4
DA:2,4
DA:4,4
DA:6,4
DA:8,4
DA:9,4
DA:10,4
DA:11,4
DA:12,4
DA:13,4
DA:14,4
LF:11
LH:11
BRF:0
BRH:0
end_of_record
TN:
SF:db/pg_routes/users.js
FNF:0
FNH:0
DA:1,4
DA:3,4
DA:4,4
DA:5,4
DA:7,4
DA:8,4
DA:10,4
LF:7
LH:7
BRF:0
BRH:0
end_of_record
TN:
SF:middleware/Validation.js
FN:12,(anonymous_0)
FN:20,(anonymous_1)
FN:28,(anonymous_2)
FN:36,(anonymous_3)
FN:44,(anonymous_4)
FN:52,(anonymous_5)
FNF:6
FNH:2
FNDA:0,(anonymous_0)
FNDA:0,(anonymous_1)
FNDA:4,(anonymous_2)
FNDA:5,(anonymous_3)
FNDA:0,(anonymous_4)
FNDA:0,(anonymous_5)
DA:2,4
DA:3,4
DA:4,4
DA:7,4
DA:8,4
DA:9,4
DA:10,4
DA:12,4
DA:13,0
DA:14,0
DA:15,0
DA:17,0
DA:20,4
DA:21,0
DA:22,0
DA:23,0
DA:25,0
DA:28,4
DA:29,4
DA:30,4
DA:31,0
DA:33,4
DA:36,4
DA:37,5
DA:38,5
DA:39,0
DA:41,5
DA:44,4
DA:45,0
DA:46,0
DA:47,0
DA:49,0
DA:52,4
DA:53,0
DA:54,0
DA:55,0
DA:57,0
DA:60,4
DA:61,4
DA:62,4
DA:63,4
DA:64,4
DA:65,4
LF:43
LH:25
BRDA:14,0,0,0
BRDA:14,0,1,0
BRDA:22,1,0,0
BRDA:22,1,1,0
BRDA:30,2,0,0
BRDA:30,2,1,4
BRDA:38,3,0,0
BRDA:38,3,1,5
BRDA:46,4,0,0
BRDA:46,4,1,0
BRDA:54,5,0,0
BRDA:54,5,1,0
BRF:12
BRH:2
end_of_record
TN:
SF:middleware/auth.js
FN:4,auth
FNF:1
FNH:1
FNDA:14,auth
DA:1,4
DA:2,4
DA:5,14
DA:6,14
DA:8,14
DA:9,14
DA:10,14
DA:11,14
DA:13,0
DA:16,4
LF:10
LH:9
BRDA:6,0,0,0
BRDA:6,0,1,14
BRF:2
BRH:1
end_of_record
TN:
SF:middleware/authUtils.js
FN:4,generateAuthToken
FNF:1
FNH:1
FNDA:1,generateAuthToken
DA:1,5
DA:2,5
DA:5,1
DA:8,1
DA:11,5
LF:5
LH:5
BRF:0
BRH:0
end_of_record
TN:
SF:middleware/errors.js
FN:22,(anonymous_0)
FN:30,(anonymous_1)
FNF:2
FNH:2
FNDA:14,(anonymous_0)
FNDA:14,(anonymous_1)
DA:2,4
DA:3,4
DA:5,4
DA:7,4
DA:8,4
DA:9,4
DA:11,4
DA:18,4
DA:20,4
DA:23,14
DA:29,4
DA:31,14
DA:32,14
DA:39,14
DA:40,14
LF:15
LH:15
BRF:0
BRH:0
end_of_record
TN:
SF:startup/config.js
FN:3,(anonymous_0)
FNF:1
FNH:1
FNDA:4,(anonymous_0)
DA:1,4
DA:3,4
DA:4,4
DA:5,0
LF:4
LH:3
BRDA:4,0,0,0
BRDA:4,0,1,4
BRF:2
BRH:1
end_of_record
TN:
SF:startup/logging.js
FN:3,(anonymous_0)
FN:14,(anonymous_1)
FNF:2
FNH:1
FNDA:4,(anonymous_0)
FNDA:0,(anonymous_1)
DA:1,4
DA:3,4
DA:4,4
DA:8,4
DA:10,4
DA:14,4
DA:15,0
LF:7
LH:6
BRF:0
BRH:0
end_of_record
TN:
SF:startup/routes.js
FN:11,(anonymous_0)
FNF:1
FNH:1
FNDA:4,(anonymous_0)
DA:1,4
DA:2,4
DA:3,4
DA:4,4
DA:5,4
DA:6,4
DA:7,4
DA:8,4
DA:9,4
DA:11,4
DA:12,4
DA:13,4
DA:14,4
DA:15,4
DA:16,4
DA:17,4
DA:18,4
DA:19,4
DA:20,4
LF:19
LH:19
BRF:0
BRH:0
end_of_record
